mode: set
github.com/go-park-mail-ru/2024_2_TeamOn_Patreon/cmd/microservices/auth/main.go:12.13,35.2 9 0
github.com/go-park-mail-ru/2024_2_TeamOn_Patreon/cmd/microservices/auth/api/routers.go:26.30,32.31 3 0
github.com/go-park-mail-ru/2024_2_TeamOn_Patreon/cmd/microservices/auth/api/routers.go:32.31,45.3 4 0
github.com/go-park-mail-ru/2024_2_TeamOn_Patreon/cmd/microservices/auth/api/routers.go:47.2,47.15 1 0
github.com/go-park-mail-ru/2024_2_TeamOn_Patreon/cmd/microservices/profile/main.go:13.13,36.2 10 0
github.com/go-park-mail-ru/2024_2_TeamOn_Patreon/cmd/microservices/profile/api/routers.go:24.30,30.31 3 0
github.com/go-park-mail-ru/2024_2_TeamOn_Patreon/cmd/microservices/profile/api/routers.go:30.31,43.3 4 0
github.com/go-park-mail-ru/2024_2_TeamOn_Patreon/cmd/microservices/profile/api/routers.go:45.2,45.15 1 0
github.com/go-park-mail-ru/2024_2_TeamOn_Patreon/internal/auth/api/login_post.go:12.56,18.53 4 0
github.com/go-park-mail-ru/2024_2_TeamOn_Patreon/internal/auth/api/login_post.go:18.53,25.3 4 0
github.com/go-park-mail-ru/2024_2_TeamOn_Patreon/internal/auth/api/login_post.go:28.2,28.42 1 0
github.com/go-park-mail-ru/2024_2_TeamOn_Patreon/internal/auth/api/login_post.go:28.42,36.3 5 0
github.com/go-park-mail-ru/2024_2_TeamOn_Patreon/internal/auth/api/login_post.go:39.2,40.17 2 0
github.com/go-park-mail-ru/2024_2_TeamOn_Patreon/internal/auth/api/login_post.go:40.17,47.3 4 0
github.com/go-park-mail-ru/2024_2_TeamOn_Patreon/internal/auth/api/login_post.go:51.2,52.17 2 0
github.com/go-park-mail-ru/2024_2_TeamOn_Patreon/internal/auth/api/login_post.go:52.17,59.3 4 0
github.com/go-park-mail-ru/2024_2_TeamOn_Patreon/internal/auth/api/login_post.go:62.2,71.30 4 0
github.com/go-park-mail-ru/2024_2_TeamOn_Patreon/internal/auth/api/register_post.go:12.63,18.53 4 0
github.com/go-park-mail-ru/2024_2_TeamOn_Patreon/internal/auth/api/register_post.go:18.53,25.3 4 0
github.com/go-park-mail-ru/2024_2_TeamOn_Patreon/internal/auth/api/register_post.go:28.2,28.42 1 0
github.com/go-park-mail-ru/2024_2_TeamOn_Patreon/internal/auth/api/register_post.go:28.42,36.3 5 0
github.com/go-park-mail-ru/2024_2_TeamOn_Patreon/internal/auth/api/register_post.go:39.2,40.17 2 0
github.com/go-park-mail-ru/2024_2_TeamOn_Patreon/internal/auth/api/register_post.go:40.17,48.3 5 0
github.com/go-park-mail-ru/2024_2_TeamOn_Patreon/internal/auth/api/register_post.go:51.2,52.16 2 0
github.com/go-park-mail-ru/2024_2_TeamOn_Patreon/internal/auth/api/register_post.go:52.16,60.3 5 0
github.com/go-park-mail-ru/2024_2_TeamOn_Patreon/internal/auth/api/register_post.go:63.2,72.30 4 0
github.com/go-park-mail-ru/2024_2_TeamOn_Patreon/internal/auth/api/models/init_valid_error_in_fields.go:13.83,14.39 1 0
github.com/go-park-mail-ru/2024_2_TeamOn_Patreon/internal/auth/api/models/init_valid_error_in_fields.go:14.39,18.3 1 0
github.com/go-park-mail-ru/2024_2_TeamOn_Patreon/internal/auth/api/models/login.go:17.34,19.2 1 0
github.com/go-park-mail-ru/2024_2_TeamOn_Patreon/internal/auth/api/models/login.go:21.50,23.30 2 0
github.com/go-park-mail-ru/2024_2_TeamOn_Patreon/internal/auth/api/models/login.go:23.30,25.3 1 0
github.com/go-park-mail-ru/2024_2_TeamOn_Patreon/internal/auth/api/models/login.go:27.2,28.30 2 0
github.com/go-park-mail-ru/2024_2_TeamOn_Patreon/internal/auth/api/models/login.go:28.30,30.3 1 0
github.com/go-park-mail-ru/2024_2_TeamOn_Patreon/internal/auth/api/models/login.go:31.2,31.18 1 0
github.com/go-park-mail-ru/2024_2_TeamOn_Patreon/internal/auth/api/models/login.go:34.58,39.26 3 0
github.com/go-park-mail-ru/2024_2_TeamOn_Patreon/internal/auth/api/models/login.go:39.26,43.3 3 0
github.com/go-park-mail-ru/2024_2_TeamOn_Patreon/internal/auth/api/models/login.go:46.2,46.27 1 0
github.com/go-park-mail-ru/2024_2_TeamOn_Patreon/internal/auth/api/models/login.go:46.27,49.3 2 0
github.com/go-park-mail-ru/2024_2_TeamOn_Patreon/internal/auth/api/models/login.go:51.2,57.29 2 0
github.com/go-park-mail-ru/2024_2_TeamOn_Patreon/internal/auth/api/models/login.go:57.29,59.35 2 0
github.com/go-park-mail-ru/2024_2_TeamOn_Patreon/internal/auth/api/models/login.go:59.35,61.4 1 0
github.com/go-park-mail-ru/2024_2_TeamOn_Patreon/internal/auth/api/models/login.go:64.2,64.18 1 0
github.com/go-park-mail-ru/2024_2_TeamOn_Patreon/internal/auth/api/models/login.go:67.58,72.26 3 0
github.com/go-park-mail-ru/2024_2_TeamOn_Patreon/internal/auth/api/models/login.go:72.26,75.3 2 0
github.com/go-park-mail-ru/2024_2_TeamOn_Patreon/internal/auth/api/models/login.go:78.2,78.27 1 0
github.com/go-park-mail-ru/2024_2_TeamOn_Patreon/internal/auth/api/models/login.go:78.27,81.3 2 0
github.com/go-park-mail-ru/2024_2_TeamOn_Patreon/internal/auth/api/models/login.go:83.2,88.29 2 0
github.com/go-park-mail-ru/2024_2_TeamOn_Patreon/internal/auth/api/models/login.go:88.29,90.35 2 0
github.com/go-park-mail-ru/2024_2_TeamOn_Patreon/internal/auth/api/models/login.go:90.35,92.4 1 0
github.com/go-park-mail-ru/2024_2_TeamOn_Patreon/internal/auth/api/models/login.go:95.2,95.18 1 0
github.com/go-park-mail-ru/2024_2_TeamOn_Patreon/internal/auth/api/models/model_error.go:10.39,12.2 1 0
github.com/go-park-mail-ru/2024_2_TeamOn_Patreon/internal/auth/api/models/reg.go:17.33,19.2 1 0
github.com/go-park-mail-ru/2024_2_TeamOn_Patreon/internal/auth/api/models/reg.go:21.49,23.30 2 0
github.com/go-park-mail-ru/2024_2_TeamOn_Patreon/internal/auth/api/models/reg.go:23.30,25.3 1 0
github.com/go-park-mail-ru/2024_2_TeamOn_Patreon/internal/auth/api/models/reg.go:27.2,28.30 2 0
github.com/go-park-mail-ru/2024_2_TeamOn_Patreon/internal/auth/api/models/reg.go:28.30,30.3 1 0
github.com/go-park-mail-ru/2024_2_TeamOn_Patreon/internal/auth/api/models/reg.go:32.2,32.18 1 0
github.com/go-park-mail-ru/2024_2_TeamOn_Patreon/internal/auth/api/models/reg.go:35.57,40.27 3 0
github.com/go-park-mail-ru/2024_2_TeamOn_Patreon/internal/auth/api/models/reg.go:40.27,43.3 2 0
github.com/go-park-mail-ru/2024_2_TeamOn_Patreon/internal/auth/api/models/reg.go:46.2,46.28 1 0
github.com/go-park-mail-ru/2024_2_TeamOn_Patreon/internal/auth/api/models/reg.go:46.28,49.3 2 0
github.com/go-park-mail-ru/2024_2_TeamOn_Patreon/internal/auth/api/models/reg.go:51.2,58.29 2 0
github.com/go-park-mail-ru/2024_2_TeamOn_Patreon/internal/auth/api/models/reg.go:58.29,60.36 2 0
github.com/go-park-mail-ru/2024_2_TeamOn_Patreon/internal/auth/api/models/reg.go:60.36,62.4 1 0
github.com/go-park-mail-ru/2024_2_TeamOn_Patreon/internal/auth/api/models/reg.go:65.2,65.18 1 0
github.com/go-park-mail-ru/2024_2_TeamOn_Patreon/internal/auth/api/models/reg.go:68.57,73.27 3 0
github.com/go-park-mail-ru/2024_2_TeamOn_Patreon/internal/auth/api/models/reg.go:73.27,76.3 2 0
github.com/go-park-mail-ru/2024_2_TeamOn_Patreon/internal/auth/api/models/reg.go:79.2,79.28 1 0
github.com/go-park-mail-ru/2024_2_TeamOn_Patreon/internal/auth/api/models/reg.go:79.28,82.3 2 0
github.com/go-park-mail-ru/2024_2_TeamOn_Patreon/internal/auth/api/models/reg.go:84.2,92.29 2 0
github.com/go-park-mail-ru/2024_2_TeamOn_Patreon/internal/auth/api/models/reg.go:92.29,94.36 2 0
github.com/go-park-mail-ru/2024_2_TeamOn_Patreon/internal/auth/api/models/reg.go:94.36,96.4 1 0
github.com/go-park-mail-ru/2024_2_TeamOn_Patreon/internal/auth/api/models/reg.go:99.2,99.18 1 0
github.com/go-park-mail-ru/2024_2_TeamOn_Patreon/internal/auth/api/utils/create_cookie.go:10.60,24.2 3 0
github.com/go-park-mail-ru/2024_2_TeamOn_Patreon/internal/auth/api/utils/get_behavior_ctx.go:12.88,15.23 2 0
github.com/go-park-mail-ru/2024_2_TeamOn_Patreon/internal/auth/api/utils/get_behavior_ctx.go:15.23,19.3 3 0
github.com/go-park-mail-ru/2024_2_TeamOn_Patreon/internal/auth/api/utils/get_behavior_ctx.go:21.2,22.9 2 0
github.com/go-park-mail-ru/2024_2_TeamOn_Patreon/internal/auth/api/utils/get_behavior_ctx.go:22.9,26.3 3 0
github.com/go-park-mail-ru/2024_2_TeamOn_Patreon/internal/auth/api/utils/get_behavior_ctx.go:27.2,28.15 2 0
github.com/go-park-mail-ru/2024_2_TeamOn_Patreon/internal/auth/api/utils/parse_models.go:11.70,12.59 1 0
github.com/go-park-mail-ru/2024_2_TeamOn_Patreon/internal/auth/api/utils/parse_models.go:12.59,15.3 2 0
github.com/go-park-mail-ru/2024_2_TeamOn_Patreon/internal/auth/api/utils/parse_models.go:16.2,17.12 2 0
github.com/go-park-mail-ru/2024_2_TeamOn_Patreon/internal/auth/api/utils/send_model.go:10.71,17.2 3 0
github.com/go-park-mail-ru/2024_2_TeamOn_Patreon/internal/auth/behavior/hasher/check_password_hash.go:5.53,7.2 1 0
github.com/go-park-mail-ru/2024_2_TeamOn_Patreon/internal/auth/behavior/hasher/hash_password.go:6.52,9.16 2 0
github.com/go-park-mail-ru/2024_2_TeamOn_Patreon/internal/auth/behavior/hasher/hash_password.go:9.16,11.3 1 0
github.com/go-park-mail-ru/2024_2_TeamOn_Patreon/internal/auth/behavior/hasher/hash_password.go:12.2,12.26 1 0
github.com/go-park-mail-ru/2024_2_TeamOn_Patreon/internal/auth/behavior/behavior.go:19.70,20.36 1 0
github.com/go-park-mail-ru/2024_2_TeamOn_Patreon/internal/auth/behavior/behavior.go:21.33,22.24 1 0
github.com/go-park-mail-ru/2024_2_TeamOn_Patreon/internal/auth/behavior/behavior.go:23.10,24.13 1 0
github.com/go-park-mail-ru/2024_2_TeamOn_Patreon/internal/auth/behavior/behavior.go:29.108,34.30 2 0
github.com/go-park-mail-ru/2024_2_TeamOn_Patreon/internal/auth/behavior/behavior.go:34.30,36.3 1 0
github.com/go-park-mail-ru/2024_2_TeamOn_Patreon/internal/auth/behavior/behavior.go:39.2,40.17 2 0
github.com/go-park-mail-ru/2024_2_TeamOn_Patreon/internal/auth/behavior/behavior.go:40.17,42.3 1 0
github.com/go-park-mail-ru/2024_2_TeamOn_Patreon/internal/auth/behavior/behavior.go:45.2,46.17 2 0
github.com/go-park-mail-ru/2024_2_TeamOn_Patreon/internal/auth/behavior/behavior.go:46.17,48.3 1 0
github.com/go-park-mail-ru/2024_2_TeamOn_Patreon/internal/auth/behavior/behavior.go:51.2,52.16 2 0
github.com/go-park-mail-ru/2024_2_TeamOn_Patreon/internal/auth/behavior/behavior.go:52.16,54.3 1 0
github.com/go-park-mail-ru/2024_2_TeamOn_Patreon/internal/auth/behavior/behavior.go:57.2,57.19 1 0
github.com/go-park-mail-ru/2024_2_TeamOn_Patreon/internal/auth/behavior/behavior.go:61.106,67.31 3 0
github.com/go-park-mail-ru/2024_2_TeamOn_Patreon/internal/auth/behavior/behavior.go:67.31,70.3 2 0
github.com/go-park-mail-ru/2024_2_TeamOn_Patreon/internal/auth/behavior/behavior.go:73.2,74.17 2 0
github.com/go-park-mail-ru/2024_2_TeamOn_Patreon/internal/auth/behavior/behavior.go:74.17,77.3 2 0
github.com/go-park-mail-ru/2024_2_TeamOn_Patreon/internal/auth/behavior/behavior.go:80.2,81.24 2 0
github.com/go-park-mail-ru/2024_2_TeamOn_Patreon/internal/auth/behavior/behavior.go:81.24,84.3 2 0
github.com/go-park-mail-ru/2024_2_TeamOn_Patreon/internal/auth/behavior/behavior.go:87.2,88.16 2 0
github.com/go-park-mail-ru/2024_2_TeamOn_Patreon/internal/auth/behavior/behavior.go:88.16,91.3 2 0
github.com/go-park-mail-ru/2024_2_TeamOn_Patreon/internal/auth/behavior/behavior.go:93.2,95.19 2 0
github.com/go-park-mail-ru/2024_2_TeamOn_Patreon/internal/auth/behavior/behavior.go:98.77,104.16 3 0
github.com/go-park-mail-ru/2024_2_TeamOn_Patreon/internal/auth/behavior/behavior.go:104.16,106.3 1 0
github.com/go-park-mail-ru/2024_2_TeamOn_Patreon/internal/auth/behavior/behavior.go:108.2,110.12 3 0
github.com/go-park-mail-ru/2024_2_TeamOn_Patreon/internal/auth/behavior/behavior.go:110.12,112.3 1 0
github.com/go-park-mail-ru/2024_2_TeamOn_Patreon/internal/auth/behavior/behavior.go:113.2,113.102 1 0
github.com/go-park-mail-ru/2024_2_TeamOn_Patreon/internal/auth/behavior/behavior.go:116.64,120.16 3 0
github.com/go-park-mail-ru/2024_2_TeamOn_Patreon/internal/auth/behavior/behavior.go:120.16,122.3 1 0
github.com/go-park-mail-ru/2024_2_TeamOn_Patreon/internal/auth/behavior/behavior.go:123.2,123.18 1 0
github.com/go-park-mail-ru/2024_2_TeamOn_Patreon/internal/auth/behavior/behavior.go:126.94,131.16 4 0
github.com/go-park-mail-ru/2024_2_TeamOn_Patreon/internal/auth/behavior/behavior.go:131.16,133.3 1 0
github.com/go-park-mail-ru/2024_2_TeamOn_Patreon/internal/auth/behavior/behavior.go:134.2,134.18 1 0
github.com/go-park-mail-ru/2024_2_TeamOn_Patreon/internal/auth/behavior/behavior.go:137.74,142.16 3 0
github.com/go-park-mail-ru/2024_2_TeamOn_Patreon/internal/auth/behavior/behavior.go:142.16,144.3 1 0
github.com/go-park-mail-ru/2024_2_TeamOn_Patreon/internal/auth/behavior/behavior.go:145.2,145.19 1 0
github.com/go-park-mail-ru/2024_2_TeamOn_Patreon/internal/auth/behavior/behavior.go:148.80,152.16 3 0
github.com/go-park-mail-ru/2024_2_TeamOn_Patreon/internal/auth/behavior/behavior.go:152.16,154.3 1 0
github.com/go-park-mail-ru/2024_2_TeamOn_Patreon/internal/auth/behavior/behavior.go:155.2,155.18 1 0
github.com/go-park-mail-ru/2024_2_TeamOn_Patreon/internal/auth/behavior/behavior.go:158.98,162.16 3 0
github.com/go-park-mail-ru/2024_2_TeamOn_Patreon/internal/auth/behavior/behavior.go:162.16,164.3 1 0
github.com/go-park-mail-ru/2024_2_TeamOn_Patreon/internal/auth/behavior/behavior.go:167.2,168.16 2 0
github.com/go-park-mail-ru/2024_2_TeamOn_Patreon/internal/auth/behavior/behavior.go:168.16,170.3 1 0
github.com/go-park-mail-ru/2024_2_TeamOn_Patreon/internal/auth/behavior/behavior.go:170.8,172.3 1 0
github.com/go-park-mail-ru/2024_2_TeamOn_Patreon/internal/auth/behavior/mapper/map_token_to_user.go:10.58,16.2 1 0
github.com/go-park-mail-ru/2024_2_TeamOn_Patreon/internal/auth/behavior/jwt/create_jwt.go:15.65,17.14 1 0
github.com/go-park-mail-ru/2024_2_TeamOn_Patreon/internal/auth/behavior/jwt/create_jwt.go:17.14,19.3 1 0
github.com/go-park-mail-ru/2024_2_TeamOn_Patreon/internal/auth/behavior/jwt/create_jwt.go:22.2,35.16 3 0
github.com/go-park-mail-ru/2024_2_TeamOn_Patreon/internal/auth/behavior/jwt/create_jwt.go:35.16,37.3 1 0
github.com/go-park-mail-ru/2024_2_TeamOn_Patreon/internal/auth/behavior/jwt/create_jwt.go:39.2,39.25 1 0
github.com/go-park-mail-ru/2024_2_TeamOn_Patreon/internal/auth/behavior/jwt/create_jwt.go:45.64,51.16 3 0
github.com/go-park-mail-ru/2024_2_TeamOn_Patreon/internal/auth/behavior/jwt/create_jwt.go:51.16,53.3 1 0
github.com/go-park-mail-ru/2024_2_TeamOn_Patreon/internal/auth/behavior/jwt/create_jwt.go:55.2,55.38 1 0
github.com/go-park-mail-ru/2024_2_TeamOn_Patreon/internal/auth/behavior/jwt/parse_token.go:14.64,17.16 2 0
github.com/go-park-mail-ru/2024_2_TeamOn_Patreon/internal/auth/behavior/jwt/parse_token.go:17.16,19.3 1 0
github.com/go-park-mail-ru/2024_2_TeamOn_Patreon/internal/auth/behavior/jwt/parse_token.go:22.2,26.16 3 0
github.com/go-park-mail-ru/2024_2_TeamOn_Patreon/internal/auth/behavior/jwt/parse_token.go:26.16,28.3 1 0
github.com/go-park-mail-ru/2024_2_TeamOn_Patreon/internal/auth/behavior/jwt/parse_token.go:31.2,31.20 1 0
github.com/go-park-mail-ru/2024_2_TeamOn_Patreon/internal/auth/behavior/jwt/parse_token.go:34.70,39.101 2 0
github.com/go-park-mail-ru/2024_2_TeamOn_Patreon/internal/auth/behavior/jwt/parse_token.go:39.101,41.58 1 0
github.com/go-park-mail-ru/2024_2_TeamOn_Patreon/internal/auth/behavior/jwt/parse_token.go:41.58,43.4 1 0
github.com/go-park-mail-ru/2024_2_TeamOn_Patreon/internal/auth/behavior/jwt/parse_token.go:44.3,44.21 1 0
github.com/go-park-mail-ru/2024_2_TeamOn_Patreon/internal/auth/behavior/jwt/parse_token.go:48.2,48.16 1 0
github.com/go-park-mail-ru/2024_2_TeamOn_Patreon/internal/auth/behavior/jwt/parse_token.go:48.16,50.3 1 0
github.com/go-park-mail-ru/2024_2_TeamOn_Patreon/internal/auth/behavior/jwt/parse_token.go:53.2,53.18 1 0
github.com/go-park-mail-ru/2024_2_TeamOn_Patreon/internal/auth/behavior/jwt/parse_token.go:53.18,55.3 1 0
github.com/go-park-mail-ru/2024_2_TeamOn_Patreon/internal/auth/behavior/jwt/parse_token.go:58.2,58.46 1 0
github.com/go-park-mail-ru/2024_2_TeamOn_Patreon/internal/auth/behavior/jwt/parse_token.go:58.46,60.3 1 0
github.com/go-park-mail-ru/2024_2_TeamOn_Patreon/internal/auth/behavior/jwt/parse_token.go:63.2,63.20 1 0
github.com/go-park-mail-ru/2024_2_TeamOn_Patreon/internal/auth/repository/models/user.go:19.47,25.2 1 0
github.com/go-park-mail-ru/2024_2_TeamOn_Patreon/internal/common/errors/msg_error.go:11.35,13.2 1 0
github.com/go-park-mail-ru/2024_2_TeamOn_Patreon/internal/common/errors/msg_error.go:16.36,18.2 1 0
github.com/go-park-mail-ru/2024_2_TeamOn_Patreon/internal/common/errors/msg_error.go:21.44,26.2 1 0
github.com/go-park-mail-ru/2024_2_TeamOn_Patreon/internal/common/errors/unknown_error.go:8.51,10.16 2 0
github.com/go-park-mail-ru/2024_2_TeamOn_Patreon/internal/common/errors/unknown_error.go:10.16,12.3 1 0
github.com/go-park-mail-ru/2024_2_TeamOn_Patreon/internal/common/errors/unknown_error.go:13.2,14.33 2 0
github.com/go-park-mail-ru/2024_2_TeamOn_Patreon/internal/common/middlewares/common_rep.go:14.150,16.52 1 0
github.com/go-park-mail-ru/2024_2_TeamOn_Patreon/internal/common/middlewares/common_rep.go:16.52,17.72 1 0
github.com/go-park-mail-ru/2024_2_TeamOn_Patreon/internal/common/middlewares/common_rep.go:17.72,22.46 3 0
github.com/go-park-mail-ru/2024_2_TeamOn_Patreon/internal/common/middlewares/common_rep.go:23.29,37.6 4 0
github.com/go-park-mail-ru/2024_2_TeamOn_Patreon/internal/common/middlewares/common_rep.go:38.12,39.54 1 0
github.com/go-park-mail-ru/2024_2_TeamOn_Patreon/internal/common/middlewares/common_rep.go:43.4,43.24 1 0
github.com/go-park-mail-ru/2024_2_TeamOn_Patreon/internal/common/middlewares/common_rep.go:47.2,47.18 1 0
github.com/go-park-mail-ru/2024_2_TeamOn_Patreon/internal/common/middlewares/handler_auth.go:16.50,17.71 1 0
github.com/go-park-mail-ru/2024_2_TeamOn_Patreon/internal/common/middlewares/handler_auth.go:17.71,22.39 3 0
github.com/go-park-mail-ru/2024_2_TeamOn_Patreon/internal/common/middlewares/handler_auth.go:22.39,25.4 2 0
github.com/go-park-mail-ru/2024_2_TeamOn_Patreon/internal/common/middlewares/handler_auth.go:28.3,41.23 5 0
github.com/go-park-mail-ru/2024_2_TeamOn_Patreon/internal/common/middlewares/logging.go:26.49,28.71 2 0
github.com/go-park-mail-ru/2024_2_TeamOn_Patreon/internal/common/middlewares/logging.go:28.71,30.19 2 0
github.com/go-park-mail-ru/2024_2_TeamOn_Patreon/internal/common/middlewares/logging.go:30.19,32.4 1 0
github.com/go-park-mail-ru/2024_2_TeamOn_Patreon/internal/common/middlewares/logging.go:33.3,37.26 2 0
github.com/go-park-mail-ru/2024_2_TeamOn_Patreon/internal/auth/repository/repositories/imaginary_repository.go:16.33,21.2 1 0
github.com/go-park-mail-ru/2024_2_TeamOn_Patreon/internal/auth/repository/repositories/imaginary_repository.go:24.111,39.2 4 0
github.com/go-park-mail-ru/2024_2_TeamOn_Patreon/internal/auth/repository/repositories/imaginary_repository.go:42.73,43.31 1 0
github.com/go-park-mail-ru/2024_2_TeamOn_Patreon/internal/auth/repository/repositories/imaginary_repository.go:43.31,45.32 1 0
github.com/go-park-mail-ru/2024_2_TeamOn_Patreon/internal/auth/repository/repositories/imaginary_repository.go:45.32,47.4 1 0
github.com/go-park-mail-ru/2024_2_TeamOn_Patreon/internal/auth/repository/repositories/imaginary_repository.go:49.2,49.19 1 0
github.com/go-park-mail-ru/2024_2_TeamOn_Patreon/internal/auth/repository/repositories/imaginary_repository.go:53.78,56.19 2 0
github.com/go-park-mail-ru/2024_2_TeamOn_Patreon/internal/auth/repository/repositories/imaginary_repository.go:56.19,58.3 1 0
github.com/go-park-mail-ru/2024_2_TeamOn_Patreon/internal/auth/repository/repositories/imaginary_repository.go:60.2,61.20 2 0
github.com/go-park-mail-ru/2024_2_TeamOn_Patreon/internal/auth/repository/repositories/imaginary_repository.go:65.79,68.19 2 0
github.com/go-park-mail-ru/2024_2_TeamOn_Patreon/internal/auth/repository/repositories/imaginary_repository.go:68.19,70.3 1 0
github.com/go-park-mail-ru/2024_2_TeamOn_Patreon/internal/auth/repository/repositories/imaginary_repository.go:71.2,71.33 1 0
github.com/go-park-mail-ru/2024_2_TeamOn_Patreon/internal/auth/repository/repositories/imaginary_repository.go:74.60,77.2 2 0
github.com/go-park-mail-ru/2024_2_TeamOn_Patreon/internal/auth/repository/repositories/imaginary_repository.go:80.89,82.31 2 0
github.com/go-park-mail-ru/2024_2_TeamOn_Patreon/internal/auth/repository/repositories/imaginary_repository.go:82.31,84.32 1 0
github.com/go-park-mail-ru/2024_2_TeamOn_Patreon/internal/auth/repository/repositories/imaginary_repository.go:84.32,86.9 2 0
github.com/go-park-mail-ru/2024_2_TeamOn_Patreon/internal/auth/repository/repositories/imaginary_repository.go:89.2,89.19 1 0
github.com/go-park-mail-ru/2024_2_TeamOn_Patreon/internal/auth/repository/repositories/imaginary_repository.go:89.19,91.3 1 0
github.com/go-park-mail-ru/2024_2_TeamOn_Patreon/internal/auth/repository/repositories/imaginary_repository.go:93.2,94.20 2 0
github.com/go-park-mail-ru/2024_2_TeamOn_Patreon/internal/common/logger/logger.go:10.12,21.2 4 0
github.com/go-park-mail-ru/2024_2_TeamOn_Patreon/internal/common/logger/logger.go:23.36,25.2 1 0
github.com/go-park-mail-ru/2024_2_TeamOn_Patreon/internal/common/logger/logger.go:27.37,29.2 1 0
github.com/go-park-mail-ru/2024_2_TeamOn_Patreon/internal/common/logger/logger.go:31.37,33.2 1 0
github.com/go-park-mail-ru/2024_2_TeamOn_Patreon/internal/common/logger/logger.go:35.36,37.2 1 0
github.com/go-park-mail-ru/2024_2_TeamOn_Patreon/internal/common/logger/logger.go:39.42,41.2 1 0
github.com/go-park-mail-ru/2024_2_TeamOn_Patreon/internal/common/logger/logger.go:43.42,45.2 1 0
github.com/go-park-mail-ru/2024_2_TeamOn_Patreon/internal/common/logger/logger.go:47.43,49.2 1 0
github.com/go-park-mail-ru/2024_2_TeamOn_Patreon/internal/common/logger/logger.go:51.43,53.2 1 0
github.com/go-park-mail-ru/2024_2_TeamOn_Patreon/internal/common/logger/logger.go:55.50,57.2 1 0
github.com/go-park-mail-ru/2024_2_TeamOn_Patreon/internal/common/logger/logger.go:59.71,61.2 1 0
github.com/go-park-mail-ru/2024_2_TeamOn_Patreon/internal/common/logger/logger.go:63.40,65.2 1 0
github.com/go-park-mail-ru/2024_2_TeamOn_Patreon/internal/common/buisness/models/role.go:15.37,16.14 1 0
github.com/go-park-mail-ru/2024_2_TeamOn_Patreon/internal/common/buisness/models/role.go:17.14,18.18 1 0
github.com/go-park-mail-ru/2024_2_TeamOn_Patreon/internal/common/buisness/models/role.go:19.14,20.18 1 0
github.com/go-park-mail-ru/2024_2_TeamOn_Patreon/internal/common/buisness/models/role.go:21.10,22.19 1 0
github.com/go-park-mail-ru/2024_2_TeamOn_Patreon/internal/profile/errors/validation_error.go:11.42,13.2 1 0
github.com/go-park-mail-ru/2024_2_TeamOn_Patreon/internal/profile/errors/validation_error.go:16.43,18.2 1 0
github.com/go-park-mail-ru/2024_2_TeamOn_Patreon/internal/profile/errors/validation_error.go:21.66,26.2 1 0
github.com/go-park-mail-ru/2024_2_TeamOn_Patreon/internal/profile/api/profile_get.go:18.57,24.9 4 0
github.com/go-park-mail-ru/2024_2_TeamOn_Patreon/internal/profile/api/profile_get.go:24.9,30.3 4 0
github.com/go-park-mail-ru/2024_2_TeamOn_Patreon/internal/profile/api/profile_get.go:33.2,33.26 1 0
github.com/go-park-mail-ru/2024_2_TeamOn_Patreon/internal/profile/api/profile_get.go:33.26,39.3 4 0
github.com/go-park-mail-ru/2024_2_TeamOn_Patreon/internal/profile/api/profile_get.go:43.2,48.18 4 0
github.com/go-park-mail-ru/2024_2_TeamOn_Patreon/internal/profile/api/profile_get.go:48.18,53.3 2 0
github.com/go-park-mail-ru/2024_2_TeamOn_Patreon/internal/profile/api/profile_get.go:53.8,62.17 4 0
github.com/go-park-mail-ru/2024_2_TeamOn_Patreon/internal/profile/api/profile_get.go:62.17,67.4 3 0
github.com/go-park-mail-ru/2024_2_TeamOn_Patreon/internal/profile/api/profile_get.go:69.2,83.30 4 0
github.com/go-park-mail-ru/2024_2_TeamOn_Patreon/internal/profile/repository/repositories/profile_repository.go:17.22,21.2 1 0
github.com/go-park-mail-ru/2024_2_TeamOn_Patreon/internal/profile/repository/repositories/profile_repository.go:24.109,43.2 3 0
github.com/go-park-mail-ru/2024_2_TeamOn_Patreon/internal/profile/repository/repositories/profile_repository.go:46.57,47.37 1 0
github.com/go-park-mail-ru/2024_2_TeamOn_Patreon/internal/profile/repository/repositories/profile_repository.go:47.37,49.48 1 0
github.com/go-park-mail-ru/2024_2_TeamOn_Patreon/internal/profile/repository/repositories/profile_repository.go:49.48,51.4 1 0
github.com/go-park-mail-ru/2024_2_TeamOn_Patreon/internal/profile/repository/repositories/profile_repository.go:53.2,53.19 1 0
github.com/go-park-mail-ru/2024_2_TeamOn_Patreon/internal/profile/repository/repositories/profile_repository.go:57.74,61.27 3 0
github.com/go-park-mail-ru/2024_2_TeamOn_Patreon/internal/profile/repository/repositories/profile_repository.go:61.27,63.3 1 0
github.com/go-park-mail-ru/2024_2_TeamOn_Patreon/internal/profile/repository/repositories/profile_repository.go:65.2,65.28 1 0
github.com/go-park-mail-ru/2024_2_TeamOn_Patreon/internal/profile/utils/logging.go:9.60,10.78 1 0
github.com/go-park-mail-ru/2024_2_TeamOn_Patreon/internal/profile/utils/logging.go:10.78,13.3 2 0
github.com/go-park-mail-ru/2024_2_TeamOn_Patreon/internal/profile/utils/logging.go:14.2,14.19 1 0
github.com/go-park-mail-ru/2024_2_TeamOn_Patreon/cmd/microservices/profile/api/routers.go:24.30,30.31 3 1
github.com/go-park-mail-ru/2024_2_TeamOn_Patreon/cmd/microservices/profile/api/routers.go:30.31,43.3 4 1
github.com/go-park-mail-ru/2024_2_TeamOn_Patreon/cmd/microservices/profile/api/routers.go:45.2,45.15 1 1
github.com/go-park-mail-ru/2024_2_TeamOn_Patreon/internal/auth/api/models/init_valid_error_in_fields.go:13.83,14.39 1 0
github.com/go-park-mail-ru/2024_2_TeamOn_Patreon/internal/auth/api/models/init_valid_error_in_fields.go:14.39,18.3 1 0
github.com/go-park-mail-ru/2024_2_TeamOn_Patreon/internal/auth/api/models/login.go:17.34,19.2 1 0
github.com/go-park-mail-ru/2024_2_TeamOn_Patreon/internal/auth/api/models/login.go:21.50,23.30 2 0
github.com/go-park-mail-ru/2024_2_TeamOn_Patreon/internal/auth/api/models/login.go:23.30,25.3 1 0
github.com/go-park-mail-ru/2024_2_TeamOn_Patreon/internal/auth/api/models/login.go:27.2,28.30 2 0
github.com/go-park-mail-ru/2024_2_TeamOn_Patreon/internal/auth/api/models/login.go:28.30,30.3 1 0
github.com/go-park-mail-ru/2024_2_TeamOn_Patreon/internal/auth/api/models/login.go:31.2,31.18 1 0
github.com/go-park-mail-ru/2024_2_TeamOn_Patreon/internal/auth/api/models/login.go:34.58,39.26 3 0
github.com/go-park-mail-ru/2024_2_TeamOn_Patreon/internal/auth/api/models/login.go:39.26,43.3 3 0
github.com/go-park-mail-ru/2024_2_TeamOn_Patreon/internal/auth/api/models/login.go:46.2,46.27 1 0
github.com/go-park-mail-ru/2024_2_TeamOn_Patreon/internal/auth/api/models/login.go:46.27,49.3 2 0
github.com/go-park-mail-ru/2024_2_TeamOn_Patreon/internal/auth/api/models/login.go:51.2,57.29 2 0
github.com/go-park-mail-ru/2024_2_TeamOn_Patreon/internal/auth/api/models/login.go:57.29,59.35 2 0
github.com/go-park-mail-ru/2024_2_TeamOn_Patreon/internal/auth/api/models/login.go:59.35,61.4 1 0
github.com/go-park-mail-ru/2024_2_TeamOn_Patreon/internal/auth/api/models/login.go:64.2,64.18 1 0
github.com/go-park-mail-ru/2024_2_TeamOn_Patreon/internal/auth/api/models/login.go:67.58,72.26 3 0
github.com/go-park-mail-ru/2024_2_TeamOn_Patreon/internal/auth/api/models/login.go:72.26,75.3 2 0
github.com/go-park-mail-ru/2024_2_TeamOn_Patreon/internal/auth/api/models/login.go:78.2,78.27 1 0
github.com/go-park-mail-ru/2024_2_TeamOn_Patreon/internal/auth/api/models/login.go:78.27,81.3 2 0
github.com/go-park-mail-ru/2024_2_TeamOn_Patreon/internal/auth/api/models/login.go:83.2,88.29 2 0
github.com/go-park-mail-ru/2024_2_TeamOn_Patreon/internal/auth/api/models/login.go:88.29,90.35 2 0
github.com/go-park-mail-ru/2024_2_TeamOn_Patreon/internal/auth/api/models/login.go:90.35,92.4 1 0
github.com/go-park-mail-ru/2024_2_TeamOn_Patreon/internal/auth/api/models/login.go:95.2,95.18 1 0
github.com/go-park-mail-ru/2024_2_TeamOn_Patreon/internal/auth/api/models/model_error.go:10.39,12.2 1 0
github.com/go-park-mail-ru/2024_2_TeamOn_Patreon/internal/auth/api/models/reg.go:17.33,19.2 1 0
github.com/go-park-mail-ru/2024_2_TeamOn_Patreon/internal/auth/api/models/reg.go:21.49,23.30 2 0
github.com/go-park-mail-ru/2024_2_TeamOn_Patreon/internal/auth/api/models/reg.go:23.30,25.3 1 0
github.com/go-park-mail-ru/2024_2_TeamOn_Patreon/internal/auth/api/models/reg.go:27.2,28.30 2 0
github.com/go-park-mail-ru/2024_2_TeamOn_Patreon/internal/auth/api/models/reg.go:28.30,30.3 1 0
github.com/go-park-mail-ru/2024_2_TeamOn_Patreon/internal/auth/api/models/reg.go:32.2,32.18 1 0
github.com/go-park-mail-ru/2024_2_TeamOn_Patreon/internal/auth/api/models/reg.go:35.57,40.27 3 0
github.com/go-park-mail-ru/2024_2_TeamOn_Patreon/internal/auth/api/models/reg.go:40.27,43.3 2 0
github.com/go-park-mail-ru/2024_2_TeamOn_Patreon/internal/auth/api/models/reg.go:46.2,46.28 1 0
github.com/go-park-mail-ru/2024_2_TeamOn_Patreon/internal/auth/api/models/reg.go:46.28,49.3 2 0
github.com/go-park-mail-ru/2024_2_TeamOn_Patreon/internal/auth/api/models/reg.go:51.2,58.29 2 0
github.com/go-park-mail-ru/2024_2_TeamOn_Patreon/internal/auth/api/models/reg.go:58.29,60.36 2 0
github.com/go-park-mail-ru/2024_2_TeamOn_Patreon/internal/auth/api/models/reg.go:60.36,62.4 1 0
github.com/go-park-mail-ru/2024_2_TeamOn_Patreon/internal/auth/api/models/reg.go:65.2,65.18 1 0
github.com/go-park-mail-ru/2024_2_TeamOn_Patreon/internal/auth/api/models/reg.go:68.57,73.27 3 0
github.com/go-park-mail-ru/2024_2_TeamOn_Patreon/internal/auth/api/models/reg.go:73.27,76.3 2 0
github.com/go-park-mail-ru/2024_2_TeamOn_Patreon/internal/auth/api/models/reg.go:79.2,79.28 1 0
github.com/go-park-mail-ru/2024_2_TeamOn_Patreon/internal/auth/api/models/reg.go:79.28,82.3 2 0
github.com/go-park-mail-ru/2024_2_TeamOn_Patreon/internal/auth/api/models/reg.go:84.2,92.29 2 0
github.com/go-park-mail-ru/2024_2_TeamOn_Patreon/internal/auth/api/models/reg.go:92.29,94.36 2 0
github.com/go-park-mail-ru/2024_2_TeamOn_Patreon/internal/auth/api/models/reg.go:94.36,96.4 1 0
github.com/go-park-mail-ru/2024_2_TeamOn_Patreon/internal/auth/api/models/reg.go:99.2,99.18 1 0
github.com/go-park-mail-ru/2024_2_TeamOn_Patreon/internal/auth/api/utils/create_cookie.go:10.60,24.2 3 1
github.com/go-park-mail-ru/2024_2_TeamOn_Patreon/internal/auth/api/utils/get_behavior_ctx.go:12.88,15.23 2 0
github.com/go-park-mail-ru/2024_2_TeamOn_Patreon/internal/auth/api/utils/get_behavior_ctx.go:15.23,19.3 3 0
github.com/go-park-mail-ru/2024_2_TeamOn_Patreon/internal/auth/api/utils/get_behavior_ctx.go:21.2,22.9 2 0
github.com/go-park-mail-ru/2024_2_TeamOn_Patreon/internal/auth/api/utils/get_behavior_ctx.go:22.9,26.3 3 0
github.com/go-park-mail-ru/2024_2_TeamOn_Patreon/internal/auth/api/utils/get_behavior_ctx.go:27.2,28.15 2 0
github.com/go-park-mail-ru/2024_2_TeamOn_Patreon/internal/auth/api/utils/parse_models.go:11.70,12.59 1 0
github.com/go-park-mail-ru/2024_2_TeamOn_Patreon/internal/auth/api/utils/parse_models.go:12.59,15.3 2 0
github.com/go-park-mail-ru/2024_2_TeamOn_Patreon/internal/auth/api/utils/parse_models.go:16.2,17.12 2 0
github.com/go-park-mail-ru/2024_2_TeamOn_Patreon/internal/auth/api/utils/send_model.go:10.71,17.2 3 0
github.com/go-park-mail-ru/2024_2_TeamOn_Patreon/internal/auth/behavior/behavior.go:19.70,20.36 1 1
github.com/go-park-mail-ru/2024_2_TeamOn_Patreon/internal/auth/behavior/behavior.go:21.33,22.24 1 0
github.com/go-park-mail-ru/2024_2_TeamOn_Patreon/internal/auth/behavior/behavior.go:23.10,24.13 1 1
github.com/go-park-mail-ru/2024_2_TeamOn_Patreon/internal/auth/behavior/behavior.go:29.108,34.30 2 0
github.com/go-park-mail-ru/2024_2_TeamOn_Patreon/internal/auth/behavior/behavior.go:34.30,36.3 1 0
github.com/go-park-mail-ru/2024_2_TeamOn_Patreon/internal/auth/behavior/behavior.go:39.2,40.17 2 0
github.com/go-park-mail-ru/2024_2_TeamOn_Patreon/internal/auth/behavior/behavior.go:40.17,42.3 1 0
github.com/go-park-mail-ru/2024_2_TeamOn_Patreon/internal/auth/behavior/behavior.go:45.2,46.17 2 0
github.com/go-park-mail-ru/2024_2_TeamOn_Patreon/internal/auth/behavior/behavior.go:46.17,48.3 1 0
github.com/go-park-mail-ru/2024_2_TeamOn_Patreon/internal/auth/behavior/behavior.go:51.2,52.16 2 0
github.com/go-park-mail-ru/2024_2_TeamOn_Patreon/internal/auth/behavior/behavior.go:52.16,54.3 1 0
github.com/go-park-mail-ru/2024_2_TeamOn_Patreon/internal/auth/behavior/behavior.go:57.2,57.19 1 0
github.com/go-park-mail-ru/2024_2_TeamOn_Patreon/internal/auth/behavior/behavior.go:61.106,67.31 3 0
github.com/go-park-mail-ru/2024_2_TeamOn_Patreon/internal/auth/behavior/behavior.go:67.31,70.3 2 0
github.com/go-park-mail-ru/2024_2_TeamOn_Patreon/internal/auth/behavior/behavior.go:73.2,74.17 2 0
github.com/go-park-mail-ru/2024_2_TeamOn_Patreon/internal/auth/behavior/behavior.go:74.17,77.3 2 0
github.com/go-park-mail-ru/2024_2_TeamOn_Patreon/internal/auth/behavior/behavior.go:80.2,81.24 2 0
github.com/go-park-mail-ru/2024_2_TeamOn_Patreon/internal/auth/behavior/behavior.go:81.24,84.3 2 0
github.com/go-park-mail-ru/2024_2_TeamOn_Patreon/internal/auth/behavior/behavior.go:87.2,88.16 2 0
github.com/go-park-mail-ru/2024_2_TeamOn_Patreon/internal/auth/behavior/behavior.go:88.16,91.3 2 0
github.com/go-park-mail-ru/2024_2_TeamOn_Patreon/internal/auth/behavior/behavior.go:93.2,95.19 2 0
github.com/go-park-mail-ru/2024_2_TeamOn_Patreon/internal/auth/behavior/behavior.go:98.77,104.16 3 0
github.com/go-park-mail-ru/2024_2_TeamOn_Patreon/internal/auth/behavior/behavior.go:104.16,106.3 1 0
github.com/go-park-mail-ru/2024_2_TeamOn_Patreon/internal/auth/behavior/behavior.go:108.2,110.12 3 0
github.com/go-park-mail-ru/2024_2_TeamOn_Patreon/internal/auth/behavior/behavior.go:110.12,112.3 1 0
github.com/go-park-mail-ru/2024_2_TeamOn_Patreon/internal/auth/behavior/behavior.go:113.2,113.102 1 0
github.com/go-park-mail-ru/2024_2_TeamOn_Patreon/internal/auth/behavior/behavior.go:116.64,120.16 3 0
github.com/go-park-mail-ru/2024_2_TeamOn_Patreon/internal/auth/behavior/behavior.go:120.16,122.3 1 0
github.com/go-park-mail-ru/2024_2_TeamOn_Patreon/internal/auth/behavior/behavior.go:123.2,123.18 1 0
github.com/go-park-mail-ru/2024_2_TeamOn_Patreon/internal/auth/behavior/behavior.go:126.94,131.16 4 0
github.com/go-park-mail-ru/2024_2_TeamOn_Patreon/internal/auth/behavior/behavior.go:131.16,133.3 1 0
github.com/go-park-mail-ru/2024_2_TeamOn_Patreon/internal/auth/behavior/behavior.go:134.2,134.18 1 0
github.com/go-park-mail-ru/2024_2_TeamOn_Patreon/internal/auth/behavior/behavior.go:137.74,142.16 3 0
github.com/go-park-mail-ru/2024_2_TeamOn_Patreon/internal/auth/behavior/behavior.go:142.16,144.3 1 0
github.com/go-park-mail-ru/2024_2_TeamOn_Patreon/internal/auth/behavior/behavior.go:145.2,145.19 1 0
github.com/go-park-mail-ru/2024_2_TeamOn_Patreon/internal/auth/behavior/behavior.go:148.80,152.16 3 0
github.com/go-park-mail-ru/2024_2_TeamOn_Patreon/internal/auth/behavior/behavior.go:152.16,154.3 1 0
github.com/go-park-mail-ru/2024_2_TeamOn_Patreon/internal/auth/behavior/behavior.go:155.2,155.18 1 0
github.com/go-park-mail-ru/2024_2_TeamOn_Patreon/internal/auth/behavior/behavior.go:158.98,162.16 3 0
github.com/go-park-mail-ru/2024_2_TeamOn_Patreon/internal/auth/behavior/behavior.go:162.16,164.3 1 0
github.com/go-park-mail-ru/2024_2_TeamOn_Patreon/internal/auth/behavior/behavior.go:167.2,168.16 2 0
github.com/go-park-mail-ru/2024_2_TeamOn_Patreon/internal/auth/behavior/behavior.go:168.16,170.3 1 0
github.com/go-park-mail-ru/2024_2_TeamOn_Patreon/internal/auth/behavior/behavior.go:170.8,172.3 1 0
github.com/go-park-mail-ru/2024_2_TeamOn_Patreon/internal/auth/behavior/hasher/check_password_hash.go:5.53,7.2 1 0
github.com/go-park-mail-ru/2024_2_TeamOn_Patreon/internal/auth/behavior/hasher/hash_password.go:6.52,9.16 2 0
github.com/go-park-mail-ru/2024_2_TeamOn_Patreon/internal/auth/behavior/hasher/hash_password.go:9.16,11.3 1 0
github.com/go-park-mail-ru/2024_2_TeamOn_Patreon/internal/auth/behavior/hasher/hash_password.go:12.2,12.26 1 0
github.com/go-park-mail-ru/2024_2_TeamOn_Patreon/internal/auth/behavior/jwt/create_jwt.go:15.65,17.14 1 1
github.com/go-park-mail-ru/2024_2_TeamOn_Patreon/internal/auth/behavior/jwt/create_jwt.go:17.14,19.3 1 0
github.com/go-park-mail-ru/2024_2_TeamOn_Patreon/internal/auth/behavior/jwt/create_jwt.go:22.2,35.16 3 1
github.com/go-park-mail-ru/2024_2_TeamOn_Patreon/internal/auth/behavior/jwt/create_jwt.go:35.16,37.3 1 0
github.com/go-park-mail-ru/2024_2_TeamOn_Patreon/internal/auth/behavior/jwt/create_jwt.go:39.2,39.25 1 1
github.com/go-park-mail-ru/2024_2_TeamOn_Patreon/internal/auth/behavior/jwt/create_jwt.go:45.64,51.16 3 1
github.com/go-park-mail-ru/2024_2_TeamOn_Patreon/internal/auth/behavior/jwt/create_jwt.go:51.16,53.3 1 0
github.com/go-park-mail-ru/2024_2_TeamOn_Patreon/internal/auth/behavior/jwt/create_jwt.go:55.2,55.38 1 1
github.com/go-park-mail-ru/2024_2_TeamOn_Patreon/internal/auth/behavior/jwt/parse_token.go:14.64,17.16 2 1
github.com/go-park-mail-ru/2024_2_TeamOn_Patreon/internal/auth/behavior/jwt/parse_token.go:17.16,19.3 1 1
github.com/go-park-mail-ru/2024_2_TeamOn_Patreon/internal/auth/behavior/jwt/parse_token.go:22.2,26.16 3 1
github.com/go-park-mail-ru/2024_2_TeamOn_Patreon/internal/auth/behavior/jwt/parse_token.go:26.16,28.3 1 0
github.com/go-park-mail-ru/2024_2_TeamOn_Patreon/internal/auth/behavior/jwt/parse_token.go:31.2,31.20 1 1
github.com/go-park-mail-ru/2024_2_TeamOn_Patreon/internal/auth/behavior/jwt/parse_token.go:34.70,39.101 2 1
github.com/go-park-mail-ru/2024_2_TeamOn_Patreon/internal/auth/behavior/jwt/parse_token.go:39.101,41.58 1 1
github.com/go-park-mail-ru/2024_2_TeamOn_Patreon/internal/auth/behavior/jwt/parse_token.go:41.58,43.4 1 0
github.com/go-park-mail-ru/2024_2_TeamOn_Patreon/internal/auth/behavior/jwt/parse_token.go:44.3,44.21 1 1
github.com/go-park-mail-ru/2024_2_TeamOn_Patreon/internal/auth/behavior/jwt/parse_token.go:48.2,48.16 1 1
github.com/go-park-mail-ru/2024_2_TeamOn_Patreon/internal/auth/behavior/jwt/parse_token.go:48.16,50.3 1 0
github.com/go-park-mail-ru/2024_2_TeamOn_Patreon/internal/auth/behavior/jwt/parse_token.go:53.2,53.18 1 1
github.com/go-park-mail-ru/2024_2_TeamOn_Patreon/internal/auth/behavior/jwt/parse_token.go:53.18,55.3 1 0
github.com/go-park-mail-ru/2024_2_TeamOn_Patreon/internal/auth/behavior/jwt/parse_token.go:58.2,58.46 1 1
github.com/go-park-mail-ru/2024_2_TeamOn_Patreon/internal/auth/behavior/jwt/parse_token.go:58.46,60.3 1 0
github.com/go-park-mail-ru/2024_2_TeamOn_Patreon/internal/auth/behavior/jwt/parse_token.go:63.2,63.20 1 1
github.com/go-park-mail-ru/2024_2_TeamOn_Patreon/internal/auth/behavior/mapper/map_token_to_user.go:10.58,16.2 1 1
github.com/go-park-mail-ru/2024_2_TeamOn_Patreon/internal/common/buisness/models/role.go:15.37,16.14 1 1
github.com/go-park-mail-ru/2024_2_TeamOn_Patreon/internal/common/buisness/models/role.go:17.14,18.18 1 1
github.com/go-park-mail-ru/2024_2_TeamOn_Patreon/internal/common/buisness/models/role.go:19.14,20.18 1 0
github.com/go-park-mail-ru/2024_2_TeamOn_Patreon/internal/common/buisness/models/role.go:21.10,22.19 1 0
github.com/go-park-mail-ru/2024_2_TeamOn_Patreon/internal/common/errors/msg_error.go:11.35,13.2 1 0
github.com/go-park-mail-ru/2024_2_TeamOn_Patreon/internal/common/errors/msg_error.go:16.36,18.2 1 0
github.com/go-park-mail-ru/2024_2_TeamOn_Patreon/internal/common/errors/msg_error.go:21.44,26.2 1 0
github.com/go-park-mail-ru/2024_2_TeamOn_Patreon/internal/common/errors/unknown_error.go:8.51,10.16 2 0
github.com/go-park-mail-ru/2024_2_TeamOn_Patreon/internal/common/errors/unknown_error.go:10.16,12.3 1 0
github.com/go-park-mail-ru/2024_2_TeamOn_Patreon/internal/common/errors/unknown_error.go:13.2,14.33 2 0
github.com/go-park-mail-ru/2024_2_TeamOn_Patreon/internal/common/logger/logger.go:10.12,21.2 4 0
github.com/go-park-mail-ru/2024_2_TeamOn_Patreon/internal/common/logger/logger.go:23.36,25.2 1 0
github.com/go-park-mail-ru/2024_2_TeamOn_Patreon/internal/common/logger/logger.go:27.37,29.2 1 0
github.com/go-park-mail-ru/2024_2_TeamOn_Patreon/internal/common/logger/logger.go:31.37,33.2 1 0
github.com/go-park-mail-ru/2024_2_TeamOn_Patreon/internal/common/logger/logger.go:35.36,37.2 1 0
github.com/go-park-mail-ru/2024_2_TeamOn_Patreon/internal/common/logger/logger.go:39.42,41.2 1 1
github.com/go-park-mail-ru/2024_2_TeamOn_Patreon/internal/common/logger/logger.go:43.42,45.2 1 0
github.com/go-park-mail-ru/2024_2_TeamOn_Patreon/internal/common/logger/logger.go:47.43,49.2 1 1
github.com/go-park-mail-ru/2024_2_TeamOn_Patreon/internal/common/logger/logger.go:51.43,53.2 1 1
github.com/go-park-mail-ru/2024_2_TeamOn_Patreon/internal/common/logger/logger.go:55.50,57.2 1 1
github.com/go-park-mail-ru/2024_2_TeamOn_Patreon/internal/common/logger/logger.go:59.71,61.2 1 1
github.com/go-park-mail-ru/2024_2_TeamOn_Patreon/internal/common/logger/logger.go:63.40,65.2 1 0
github.com/go-park-mail-ru/2024_2_TeamOn_Patreon/internal/common/middlewares/common_rep.go:14.150,16.52 1 1
github.com/go-park-mail-ru/2024_2_TeamOn_Patreon/internal/common/middlewares/common_rep.go:16.52,17.72 1 1
github.com/go-park-mail-ru/2024_2_TeamOn_Patreon/internal/common/middlewares/common_rep.go:17.72,22.46 3 1
github.com/go-park-mail-ru/2024_2_TeamOn_Patreon/internal/common/middlewares/common_rep.go:23.29,37.6 4 0
github.com/go-park-mail-ru/2024_2_TeamOn_Patreon/internal/common/middlewares/common_rep.go:38.12,39.54 1 1
github.com/go-park-mail-ru/2024_2_TeamOn_Patreon/internal/common/middlewares/common_rep.go:43.4,43.24 1 1
github.com/go-park-mail-ru/2024_2_TeamOn_Patreon/internal/common/middlewares/common_rep.go:47.2,47.18 1 1
github.com/go-park-mail-ru/2024_2_TeamOn_Patreon/internal/common/middlewares/handler_auth.go:16.50,17.71 1 1
github.com/go-park-mail-ru/2024_2_TeamOn_Patreon/internal/common/middlewares/handler_auth.go:17.71,22.39 3 1
github.com/go-park-mail-ru/2024_2_TeamOn_Patreon/internal/common/middlewares/handler_auth.go:22.39,25.4 2 1
github.com/go-park-mail-ru/2024_2_TeamOn_Patreon/internal/common/middlewares/handler_auth.go:28.3,41.23 5 1
github.com/go-park-mail-ru/2024_2_TeamOn_Patreon/internal/common/middlewares/logging.go:26.49,28.71 2 1
github.com/go-park-mail-ru/2024_2_TeamOn_Patreon/internal/common/middlewares/logging.go:28.71,30.19 2 1
github.com/go-park-mail-ru/2024_2_TeamOn_Patreon/internal/common/middlewares/logging.go:30.19,32.4 1 1
github.com/go-park-mail-ru/2024_2_TeamOn_Patreon/internal/common/middlewares/logging.go:33.3,37.26 2 1
github.com/go-park-mail-ru/2024_2_TeamOn_Patreon/internal/profile/api/profile_get.go:18.57,24.9 4 1
github.com/go-park-mail-ru/2024_2_TeamOn_Patreon/internal/profile/api/profile_get.go:24.9,30.3 4 0
github.com/go-park-mail-ru/2024_2_TeamOn_Patreon/internal/profile/api/profile_get.go:33.2,33.26 1 1
github.com/go-park-mail-ru/2024_2_TeamOn_Patreon/internal/profile/api/profile_get.go:33.26,39.3 4 1
github.com/go-park-mail-ru/2024_2_TeamOn_Patreon/internal/profile/api/profile_get.go:43.2,48.18 4 1
github.com/go-park-mail-ru/2024_2_TeamOn_Patreon/internal/profile/api/profile_get.go:48.18,53.3 2 1
github.com/go-park-mail-ru/2024_2_TeamOn_Patreon/internal/profile/api/profile_get.go:53.8,62.17 4 0
github.com/go-park-mail-ru/2024_2_TeamOn_Patreon/internal/profile/api/profile_get.go:62.17,67.4 3 0
github.com/go-park-mail-ru/2024_2_TeamOn_Patreon/internal/profile/api/profile_get.go:69.2,83.30 4 1
github.com/go-park-mail-ru/2024_2_TeamOn_Patreon/internal/profile/repository/repositories/profile_repository.go:17.22,21.2 1 1
github.com/go-park-mail-ru/2024_2_TeamOn_Patreon/internal/profile/repository/repositories/profile_repository.go:24.109,43.2 3 1
github.com/go-park-mail-ru/2024_2_TeamOn_Patreon/internal/profile/repository/repositories/profile_repository.go:46.57,47.37 1 1
github.com/go-park-mail-ru/2024_2_TeamOn_Patreon/internal/profile/repository/repositories/profile_repository.go:47.37,49.48 1 0
github.com/go-park-mail-ru/2024_2_TeamOn_Patreon/internal/profile/repository/repositories/profile_repository.go:49.48,51.4 1 0
github.com/go-park-mail-ru/2024_2_TeamOn_Patreon/internal/profile/repository/repositories/profile_repository.go:53.2,53.19 1 1
github.com/go-park-mail-ru/2024_2_TeamOn_Patreon/internal/profile/repository/repositories/profile_repository.go:57.74,61.27 3 0
github.com/go-park-mail-ru/2024_2_TeamOn_Patreon/internal/profile/repository/repositories/profile_repository.go:61.27,63.3 1 0
github.com/go-park-mail-ru/2024_2_TeamOn_Patreon/internal/profile/repository/repositories/profile_repository.go:65.2,65.28 1 0
github.com/go-park-mail-ru/2024_2_TeamOn_Patreon/tests/profile/setup_server.go:24.36,39.2 8 1
github.com/go-park-mail-ru/2024_2_TeamOn_Patreon/tests/profile/setup_server.go:42.34,44.2 1 1
github.com/go-park-mail-ru/2024_2_TeamOn_Patreon/tests/profile/setup_server.go:47.127,50.17 3 1
github.com/go-park-mail-ru/2024_2_TeamOn_Patreon/tests/profile/setup_server.go:50.17,53.3 2 0
github.com/go-park-mail-ru/2024_2_TeamOn_Patreon/tests/profile/setup_server.go:55.2,58.17 3 1
github.com/go-park-mail-ru/2024_2_TeamOn_Patreon/tests/profile/setup_server.go:58.17,60.3 1 0
github.com/go-park-mail-ru/2024_2_TeamOn_Patreon/tests/profile/setup_server.go:62.2,67.13 5 1
github.com/go-park-mail-ru/2024_2_TeamOn_Patreon/tests/profile/setup_server.go:71.69,72.33 1 1
github.com/go-park-mail-ru/2024_2_TeamOn_Patreon/tests/profile/setup_server.go:72.33,74.3 1 1
