mode: set
github.com/go-park-mail-ru/2024_2_TeamOn_Patreon/cmd/microservices/auth/api/routers.go:27.63,51.31 5 0
github.com/go-park-mail-ru/2024_2_TeamOn_Patreon/cmd/microservices/auth/api/routers.go:51.31,64.3 4 0
github.com/go-park-mail-ru/2024_2_TeamOn_Patreon/cmd/microservices/auth/api/routers.go:66.2,66.15 1 0
github.com/go-park-mail-ru/2024_2_TeamOn_Patreon/cmd/microservices/auth/main.go:12.13,38.2 8 0
github.com/go-park-mail-ru/2024_2_TeamOn_Patreon/cmd/microservices/profile/api/routers.go:23.30,29.31 3 0
github.com/go-park-mail-ru/2024_2_TeamOn_Patreon/cmd/microservices/profile/api/routers.go:29.31,42.3 4 0
github.com/go-park-mail-ru/2024_2_TeamOn_Patreon/cmd/microservices/profile/api/routers.go:44.2,44.15 1 0
github.com/go-park-mail-ru/2024_2_TeamOn_Patreon/internal/auth/api/handler.go:11.53,13.2 1 0
github.com/go-park-mail-ru/2024_2_TeamOn_Patreon/internal/auth/api/login_post.go:13.75,19.53 4 0
github.com/go-park-mail-ru/2024_2_TeamOn_Patreon/internal/auth/api/login_post.go:19.53,26.3 4 0
github.com/go-park-mail-ru/2024_2_TeamOn_Patreon/internal/auth/api/login_post.go:29.2,29.40 1 0
github.com/go-park-mail-ru/2024_2_TeamOn_Patreon/internal/auth/api/login_post.go:29.40,37.3 5 0
github.com/go-park-mail-ru/2024_2_TeamOn_Patreon/internal/auth/api/login_post.go:43.2,44.16 2 0
github.com/go-park-mail-ru/2024_2_TeamOn_Patreon/internal/auth/api/login_post.go:44.16,51.3 4 0
github.com/go-park-mail-ru/2024_2_TeamOn_Patreon/internal/auth/api/login_post.go:54.2,63.30 4 0
github.com/go-park-mail-ru/2024_2_TeamOn_Patreon/internal/auth/api/register_post.go:13.82,19.53 4 0
github.com/go-park-mail-ru/2024_2_TeamOn_Patreon/internal/auth/api/register_post.go:19.53,26.3 4 0
github.com/go-park-mail-ru/2024_2_TeamOn_Patreon/internal/auth/api/register_post.go:29.2,29.40 1 0
github.com/go-park-mail-ru/2024_2_TeamOn_Patreon/internal/auth/api/register_post.go:29.40,37.3 5 0
github.com/go-park-mail-ru/2024_2_TeamOn_Patreon/internal/auth/api/register_post.go:40.2,41.16 2 0
github.com/go-park-mail-ru/2024_2_TeamOn_Patreon/internal/auth/api/register_post.go:41.16,49.3 5 0
github.com/go-park-mail-ru/2024_2_TeamOn_Patreon/internal/auth/api/register_post.go:52.2,61.30 4 0
github.com/go-park-mail-ru/2024_2_TeamOn_Patreon/internal/auth/api/models/login.go:18.34,20.2 1 0
github.com/go-park-mail-ru/2024_2_TeamOn_Patreon/internal/auth/api/models/login.go:22.43,26.16 3 0
github.com/go-park-mail-ru/2024_2_TeamOn_Patreon/internal/auth/api/models/login.go:26.16,28.3 1 0
github.com/go-park-mail-ru/2024_2_TeamOn_Patreon/internal/auth/api/models/login.go:30.2,31.16 2 0
github.com/go-park-mail-ru/2024_2_TeamOn_Patreon/internal/auth/api/models/login.go:31.16,33.3 1 0
github.com/go-park-mail-ru/2024_2_TeamOn_Patreon/internal/auth/api/models/login.go:34.2,34.18 1 0
github.com/go-park-mail-ru/2024_2_TeamOn_Patreon/internal/auth/api/models/login.go:37.43,41.26 2 0
github.com/go-park-mail-ru/2024_2_TeamOn_Patreon/internal/auth/api/models/login.go:41.26,44.3 2 0
github.com/go-park-mail-ru/2024_2_TeamOn_Patreon/internal/auth/api/models/login.go:47.2,47.27 1 0
github.com/go-park-mail-ru/2024_2_TeamOn_Patreon/internal/auth/api/models/login.go:47.27,49.3 1 0
github.com/go-park-mail-ru/2024_2_TeamOn_Patreon/internal/auth/api/models/login.go:51.2,56.29 2 0
github.com/go-park-mail-ru/2024_2_TeamOn_Patreon/internal/auth/api/models/login.go:56.29,58.35 2 0
github.com/go-park-mail-ru/2024_2_TeamOn_Patreon/internal/auth/api/models/login.go:58.35,60.4 1 0
github.com/go-park-mail-ru/2024_2_TeamOn_Patreon/internal/auth/api/models/login.go:63.2,63.12 1 0
github.com/go-park-mail-ru/2024_2_TeamOn_Patreon/internal/auth/api/models/login.go:66.43,70.26 1 0
github.com/go-park-mail-ru/2024_2_TeamOn_Patreon/internal/auth/api/models/login.go:70.26,72.3 1 0
github.com/go-park-mail-ru/2024_2_TeamOn_Patreon/internal/auth/api/models/login.go:75.2,75.27 1 0
github.com/go-park-mail-ru/2024_2_TeamOn_Patreon/internal/auth/api/models/login.go:75.27,77.3 1 0
github.com/go-park-mail-ru/2024_2_TeamOn_Patreon/internal/auth/api/models/login.go:79.2,83.29 2 0
github.com/go-park-mail-ru/2024_2_TeamOn_Patreon/internal/auth/api/models/login.go:83.29,85.35 2 0
github.com/go-park-mail-ru/2024_2_TeamOn_Patreon/internal/auth/api/models/login.go:85.35,87.4 1 0
github.com/go-park-mail-ru/2024_2_TeamOn_Patreon/internal/auth/api/models/login.go:90.2,90.12 1 0
github.com/go-park-mail-ru/2024_2_TeamOn_Patreon/internal/auth/api/models/model_error.go:10.39,12.2 1 0
github.com/go-park-mail-ru/2024_2_TeamOn_Patreon/internal/auth/api/models/reg.go:18.33,20.2 1 0
github.com/go-park-mail-ru/2024_2_TeamOn_Patreon/internal/auth/api/models/reg.go:22.42,26.16 3 0
github.com/go-park-mail-ru/2024_2_TeamOn_Patreon/internal/auth/api/models/reg.go:26.16,28.3 1 0
github.com/go-park-mail-ru/2024_2_TeamOn_Patreon/internal/auth/api/models/reg.go:30.2,31.16 2 0
github.com/go-park-mail-ru/2024_2_TeamOn_Patreon/internal/auth/api/models/reg.go:31.16,33.3 1 0
github.com/go-park-mail-ru/2024_2_TeamOn_Patreon/internal/auth/api/models/reg.go:35.2,35.18 1 0
github.com/go-park-mail-ru/2024_2_TeamOn_Patreon/internal/auth/api/models/reg.go:38.42,40.27 1 0
github.com/go-park-mail-ru/2024_2_TeamOn_Patreon/internal/auth/api/models/reg.go:40.27,42.3 1 0
github.com/go-park-mail-ru/2024_2_TeamOn_Patreon/internal/auth/api/models/reg.go:45.2,45.28 1 0
github.com/go-park-mail-ru/2024_2_TeamOn_Patreon/internal/auth/api/models/reg.go:45.28,47.3 1 0
github.com/go-park-mail-ru/2024_2_TeamOn_Patreon/internal/auth/api/models/reg.go:49.2,56.29 2 0
github.com/go-park-mail-ru/2024_2_TeamOn_Patreon/internal/auth/api/models/reg.go:56.29,58.36 2 0
github.com/go-park-mail-ru/2024_2_TeamOn_Patreon/internal/auth/api/models/reg.go:58.36,60.4 1 0
github.com/go-park-mail-ru/2024_2_TeamOn_Patreon/internal/auth/api/models/reg.go:63.2,63.12 1 0
github.com/go-park-mail-ru/2024_2_TeamOn_Patreon/internal/auth/api/models/reg.go:66.42,69.27 1 0
github.com/go-park-mail-ru/2024_2_TeamOn_Patreon/internal/auth/api/models/reg.go:69.27,71.3 1 0
github.com/go-park-mail-ru/2024_2_TeamOn_Patreon/internal/auth/api/models/reg.go:74.2,74.28 1 0
github.com/go-park-mail-ru/2024_2_TeamOn_Patreon/internal/auth/api/models/reg.go:74.28,76.3 1 0
github.com/go-park-mail-ru/2024_2_TeamOn_Patreon/internal/auth/api/models/reg.go:78.2,86.29 2 0
github.com/go-park-mail-ru/2024_2_TeamOn_Patreon/internal/auth/api/models/reg.go:86.29,88.36 2 0
github.com/go-park-mail-ru/2024_2_TeamOn_Patreon/internal/auth/api/models/reg.go:88.36,90.4 1 0
github.com/go-park-mail-ru/2024_2_TeamOn_Patreon/internal/auth/api/models/reg.go:93.2,93.12 1 0
github.com/go-park-mail-ru/2024_2_TeamOn_Patreon/internal/auth/behavior/hasher/check_password_hash.go:5.53,7.2 1 0
github.com/go-park-mail-ru/2024_2_TeamOn_Patreon/internal/auth/behavior/hasher/hash_password.go:6.52,9.16 2 0
github.com/go-park-mail-ru/2024_2_TeamOn_Patreon/internal/auth/behavior/hasher/hash_password.go:9.16,11.3 1 0
github.com/go-park-mail-ru/2024_2_TeamOn_Patreon/internal/auth/behavior/hasher/hash_password.go:12.2,12.26 1 0
github.com/go-park-mail-ru/2024_2_TeamOn_Patreon/internal/auth/api/utils/create_cookie.go:10.60,24.2 3 0
github.com/go-park-mail-ru/2024_2_TeamOn_Patreon/internal/auth/api/utils/parse_models.go:10.59,11.59 1 0
github.com/go-park-mail-ru/2024_2_TeamOn_Patreon/internal/auth/api/utils/parse_models.go:11.59,14.3 2 0
github.com/go-park-mail-ru/2024_2_TeamOn_Patreon/internal/auth/api/utils/parse_models.go:15.2,16.12 2 0
github.com/go-park-mail-ru/2024_2_TeamOn_Patreon/internal/auth/api/utils/send_model.go:10.71,17.2 3 0
github.com/go-park-mail-ru/2024_2_TeamOn_Patreon/internal/auth/behavior/behavior.go:18.59,20.2 1 0
github.com/go-park-mail-ru/2024_2_TeamOn_Patreon/internal/auth/behavior/behavior.go:23.96,29.17 3 0
github.com/go-park-mail-ru/2024_2_TeamOn_Patreon/internal/auth/behavior/behavior.go:29.17,31.3 1 0
github.com/go-park-mail-ru/2024_2_TeamOn_Patreon/internal/auth/behavior/behavior.go:32.2,32.12 1 0
github.com/go-park-mail-ru/2024_2_TeamOn_Patreon/internal/auth/behavior/behavior.go:32.12,34.3 1 0
github.com/go-park-mail-ru/2024_2_TeamOn_Patreon/internal/auth/behavior/behavior.go:37.2,38.16 2 0
github.com/go-park-mail-ru/2024_2_TeamOn_Patreon/internal/auth/behavior/behavior.go:38.16,40.3 1 0
github.com/go-park-mail-ru/2024_2_TeamOn_Patreon/internal/auth/behavior/behavior.go:43.2,44.16 2 0
github.com/go-park-mail-ru/2024_2_TeamOn_Patreon/internal/auth/behavior/behavior.go:44.16,46.3 1 0
github.com/go-park-mail-ru/2024_2_TeamOn_Patreon/internal/auth/behavior/behavior.go:49.2,50.16 2 0
github.com/go-park-mail-ru/2024_2_TeamOn_Patreon/internal/auth/behavior/behavior.go:50.16,52.3 1 0
github.com/go-park-mail-ru/2024_2_TeamOn_Patreon/internal/auth/behavior/behavior.go:55.2,55.19 1 0
github.com/go-park-mail-ru/2024_2_TeamOn_Patreon/internal/auth/behavior/behavior.go:59.94,65.16 3 0
github.com/go-park-mail-ru/2024_2_TeamOn_Patreon/internal/auth/behavior/behavior.go:65.16,68.3 2 0
github.com/go-park-mail-ru/2024_2_TeamOn_Patreon/internal/auth/behavior/behavior.go:69.2,69.13 1 0
github.com/go-park-mail-ru/2024_2_TeamOn_Patreon/internal/auth/behavior/behavior.go:69.13,72.3 2 0
github.com/go-park-mail-ru/2024_2_TeamOn_Patreon/internal/auth/behavior/behavior.go:75.2,76.16 2 0
github.com/go-park-mail-ru/2024_2_TeamOn_Patreon/internal/auth/behavior/behavior.go:76.16,79.3 2 0
github.com/go-park-mail-ru/2024_2_TeamOn_Patreon/internal/auth/behavior/behavior.go:82.2,83.16 2 0
github.com/go-park-mail-ru/2024_2_TeamOn_Patreon/internal/auth/behavior/behavior.go:83.16,86.3 2 0
github.com/go-park-mail-ru/2024_2_TeamOn_Patreon/internal/auth/behavior/behavior.go:87.2,87.9 1 0
github.com/go-park-mail-ru/2024_2_TeamOn_Patreon/internal/auth/behavior/behavior.go:87.9,90.3 2 0
github.com/go-park-mail-ru/2024_2_TeamOn_Patreon/internal/auth/behavior/behavior.go:93.2,94.16 2 0
github.com/go-park-mail-ru/2024_2_TeamOn_Patreon/internal/auth/behavior/behavior.go:94.16,97.3 2 0
github.com/go-park-mail-ru/2024_2_TeamOn_Patreon/internal/auth/behavior/behavior.go:99.2,101.19 2 0
github.com/go-park-mail-ru/2024_2_TeamOn_Patreon/internal/auth/behavior/behavior.go:104.64,110.16 3 0
github.com/go-park-mail-ru/2024_2_TeamOn_Patreon/internal/auth/behavior/behavior.go:110.16,112.3 1 0
github.com/go-park-mail-ru/2024_2_TeamOn_Patreon/internal/auth/behavior/behavior.go:114.2,114.20 1 0
github.com/go-park-mail-ru/2024_2_TeamOn_Patreon/internal/auth/behavior/behavior.go:117.52,121.16 3 0
github.com/go-park-mail-ru/2024_2_TeamOn_Patreon/internal/auth/behavior/behavior.go:121.16,123.3 1 0
github.com/go-park-mail-ru/2024_2_TeamOn_Patreon/internal/auth/behavior/behavior.go:124.2,124.18 1 0
github.com/go-park-mail-ru/2024_2_TeamOn_Patreon/internal/auth/behavior/behavior.go:127.82,132.16 4 0
github.com/go-park-mail-ru/2024_2_TeamOn_Patreon/internal/auth/behavior/behavior.go:132.16,134.3 1 0
github.com/go-park-mail-ru/2024_2_TeamOn_Patreon/internal/auth/behavior/behavior.go:135.2,135.18 1 0
github.com/go-park-mail-ru/2024_2_TeamOn_Patreon/internal/auth/behavior/behavior.go:138.62,143.16 3 0
github.com/go-park-mail-ru/2024_2_TeamOn_Patreon/internal/auth/behavior/behavior.go:143.16,145.3 1 0
github.com/go-park-mail-ru/2024_2_TeamOn_Patreon/internal/auth/behavior/behavior.go:146.2,146.19 1 0
github.com/go-park-mail-ru/2024_2_TeamOn_Patreon/internal/auth/behavior/behavior.go:149.68,153.16 3 0
github.com/go-park-mail-ru/2024_2_TeamOn_Patreon/internal/auth/behavior/behavior.go:153.16,155.3 1 0
github.com/go-park-mail-ru/2024_2_TeamOn_Patreon/internal/auth/behavior/behavior.go:156.2,156.18 1 0
github.com/go-park-mail-ru/2024_2_TeamOn_Patreon/internal/auth/behavior/behavior.go:159.86,163.16 3 0
github.com/go-park-mail-ru/2024_2_TeamOn_Patreon/internal/auth/behavior/behavior.go:163.16,165.3 1 0
github.com/go-park-mail-ru/2024_2_TeamOn_Patreon/internal/auth/behavior/behavior.go:168.2,169.16 2 0
github.com/go-park-mail-ru/2024_2_TeamOn_Patreon/internal/auth/behavior/behavior.go:169.16,171.3 1 0
github.com/go-park-mail-ru/2024_2_TeamOn_Patreon/internal/auth/behavior/behavior.go:171.8,173.3 1 0
github.com/go-park-mail-ru/2024_2_TeamOn_Patreon/internal/auth/behavior/jwt/create_jwt.go:17.65,20.14 2 0
github.com/go-park-mail-ru/2024_2_TeamOn_Patreon/internal/auth/behavior/jwt/create_jwt.go:20.14,22.3 1 0
github.com/go-park-mail-ru/2024_2_TeamOn_Patreon/internal/auth/behavior/jwt/create_jwt.go:25.2,38.16 3 0
github.com/go-park-mail-ru/2024_2_TeamOn_Patreon/internal/auth/behavior/jwt/create_jwt.go:38.16,40.3 1 0
github.com/go-park-mail-ru/2024_2_TeamOn_Patreon/internal/auth/behavior/jwt/create_jwt.go:42.2,42.25 1 0
github.com/go-park-mail-ru/2024_2_TeamOn_Patreon/internal/auth/behavior/jwt/create_jwt.go:48.64,54.16 3 0
github.com/go-park-mail-ru/2024_2_TeamOn_Patreon/internal/auth/behavior/jwt/create_jwt.go:54.16,56.3 1 0
github.com/go-park-mail-ru/2024_2_TeamOn_Patreon/internal/auth/behavior/jwt/create_jwt.go:58.2,58.38 1 0
github.com/go-park-mail-ru/2024_2_TeamOn_Patreon/internal/auth/behavior/jwt/parse_token.go:14.64,17.16 2 0
github.com/go-park-mail-ru/2024_2_TeamOn_Patreon/internal/auth/behavior/jwt/parse_token.go:17.16,19.3 1 0
github.com/go-park-mail-ru/2024_2_TeamOn_Patreon/internal/auth/behavior/jwt/parse_token.go:22.2,26.16 3 0
github.com/go-park-mail-ru/2024_2_TeamOn_Patreon/internal/auth/behavior/jwt/parse_token.go:26.16,28.3 1 0
github.com/go-park-mail-ru/2024_2_TeamOn_Patreon/internal/auth/behavior/jwt/parse_token.go:31.2,31.20 1 0
github.com/go-park-mail-ru/2024_2_TeamOn_Patreon/internal/auth/behavior/jwt/parse_token.go:34.70,39.101 2 0
github.com/go-park-mail-ru/2024_2_TeamOn_Patreon/internal/auth/behavior/jwt/parse_token.go:39.101,41.58 1 0
github.com/go-park-mail-ru/2024_2_TeamOn_Patreon/internal/auth/behavior/jwt/parse_token.go:41.58,43.4 1 0
github.com/go-park-mail-ru/2024_2_TeamOn_Patreon/internal/auth/behavior/jwt/parse_token.go:44.3,44.21 1 0
github.com/go-park-mail-ru/2024_2_TeamOn_Patreon/internal/auth/behavior/jwt/parse_token.go:48.2,48.16 1 0
github.com/go-park-mail-ru/2024_2_TeamOn_Patreon/internal/auth/behavior/jwt/parse_token.go:48.16,50.3 1 0
github.com/go-park-mail-ru/2024_2_TeamOn_Patreon/internal/auth/behavior/jwt/parse_token.go:53.2,53.18 1 0
github.com/go-park-mail-ru/2024_2_TeamOn_Patreon/internal/auth/behavior/jwt/parse_token.go:53.18,55.3 1 0
github.com/go-park-mail-ru/2024_2_TeamOn_Patreon/internal/auth/behavior/jwt/parse_token.go:58.2,58.46 1 0
github.com/go-park-mail-ru/2024_2_TeamOn_Patreon/internal/auth/behavior/jwt/parse_token.go:58.46,60.3 1 0
github.com/go-park-mail-ru/2024_2_TeamOn_Patreon/internal/auth/behavior/jwt/parse_token.go:63.2,63.20 1 0
github.com/go-park-mail-ru/2024_2_TeamOn_Patreon/internal/common/middlewares/handler_auth.go:15.50,16.71 1 0
github.com/go-park-mail-ru/2024_2_TeamOn_Patreon/internal/common/middlewares/handler_auth.go:16.71,21.39 3 0
github.com/go-park-mail-ru/2024_2_TeamOn_Patreon/internal/common/middlewares/handler_auth.go:21.39,24.4 2 0
github.com/go-park-mail-ru/2024_2_TeamOn_Patreon/internal/common/middlewares/handler_auth.go:28.3,41.23 5 0
github.com/go-park-mail-ru/2024_2_TeamOn_Patreon/internal/common/middlewares/logging.go:26.49,28.71 2 0
github.com/go-park-mail-ru/2024_2_TeamOn_Patreon/internal/common/middlewares/logging.go:28.71,30.19 2 0
github.com/go-park-mail-ru/2024_2_TeamOn_Patreon/internal/common/middlewares/logging.go:30.19,32.4 1 0
github.com/go-park-mail-ru/2024_2_TeamOn_Patreon/internal/common/middlewares/logging.go:33.3,37.26 2 0
github.com/go-park-mail-ru/2024_2_TeamOn_Patreon/internal/auth/repository/models/user.go:19.47,25.2 1 0
github.com/go-park-mail-ru/2024_2_TeamOn_Patreon/internal/auth/behavior/mapper/map_token_to_user.go:10.58,16.2 1 0
github.com/go-park-mail-ru/2024_2_TeamOn_Patreon/internal/auth/repository/repositories/imaginary_repository.go:19.33,24.2 1 0
github.com/go-park-mail-ru/2024_2_TeamOn_Patreon/internal/auth/repository/repositories/imaginary_repository.go:27.111,44.2 6 0
github.com/go-park-mail-ru/2024_2_TeamOn_Patreon/internal/auth/repository/repositories/imaginary_repository.go:47.73,49.31 2 0
github.com/go-park-mail-ru/2024_2_TeamOn_Patreon/internal/auth/repository/repositories/imaginary_repository.go:49.31,51.32 1 0
github.com/go-park-mail-ru/2024_2_TeamOn_Patreon/internal/auth/repository/repositories/imaginary_repository.go:51.32,53.4 1 0
github.com/go-park-mail-ru/2024_2_TeamOn_Patreon/internal/auth/repository/repositories/imaginary_repository.go:55.2,56.19 2 0
github.com/go-park-mail-ru/2024_2_TeamOn_Patreon/internal/auth/repository/repositories/imaginary_repository.go:60.78,65.19 4 0
github.com/go-park-mail-ru/2024_2_TeamOn_Patreon/internal/auth/repository/repositories/imaginary_repository.go:65.19,67.3 1 0
github.com/go-park-mail-ru/2024_2_TeamOn_Patreon/internal/auth/repository/repositories/imaginary_repository.go:69.2,70.20 2 0
github.com/go-park-mail-ru/2024_2_TeamOn_Patreon/internal/auth/repository/repositories/imaginary_repository.go:74.79,79.19 4 0
github.com/go-park-mail-ru/2024_2_TeamOn_Patreon/internal/auth/repository/repositories/imaginary_repository.go:79.19,81.3 1 0
github.com/go-park-mail-ru/2024_2_TeamOn_Patreon/internal/auth/repository/repositories/imaginary_repository.go:82.2,82.33 1 0
github.com/go-park-mail-ru/2024_2_TeamOn_Patreon/internal/auth/repository/repositories/imaginary_repository.go:85.60,88.2 2 0
github.com/go-park-mail-ru/2024_2_TeamOn_Patreon/internal/auth/repository/repositories/imaginary_repository.go:91.89,95.31 3 0
github.com/go-park-mail-ru/2024_2_TeamOn_Patreon/internal/auth/repository/repositories/imaginary_repository.go:95.31,97.32 1 0
github.com/go-park-mail-ru/2024_2_TeamOn_Patreon/internal/auth/repository/repositories/imaginary_repository.go:97.32,99.9 2 0
github.com/go-park-mail-ru/2024_2_TeamOn_Patreon/internal/auth/repository/repositories/imaginary_repository.go:102.2,104.19 2 0
github.com/go-park-mail-ru/2024_2_TeamOn_Patreon/internal/auth/repository/repositories/imaginary_repository.go:104.19,106.3 1 0
github.com/go-park-mail-ru/2024_2_TeamOn_Patreon/internal/auth/repository/repositories/imaginary_repository.go:108.2,109.20 2 0
github.com/go-park-mail-ru/2024_2_TeamOn_Patreon/internal/profile/api/profile_get.go:17.57,23.9 4 0
github.com/go-park-mail-ru/2024_2_TeamOn_Patreon/internal/profile/api/profile_get.go:23.9,28.3 3 0
github.com/go-park-mail-ru/2024_2_TeamOn_Patreon/internal/profile/api/profile_get.go:31.2,31.26 1 0
github.com/go-park-mail-ru/2024_2_TeamOn_Patreon/internal/profile/api/profile_get.go:31.26,36.3 3 0
github.com/go-park-mail-ru/2024_2_TeamOn_Patreon/internal/profile/api/profile_get.go:40.2,42.16 3 0
github.com/go-park-mail-ru/2024_2_TeamOn_Patreon/internal/profile/api/profile_get.go:42.16,47.3 3 0
github.com/go-park-mail-ru/2024_2_TeamOn_Patreon/internal/profile/api/profile_get.go:49.2,52.18 2 0
github.com/go-park-mail-ru/2024_2_TeamOn_Patreon/internal/profile/api/profile_get.go:52.18,54.17 2 0
github.com/go-park-mail-ru/2024_2_TeamOn_Patreon/internal/profile/api/profile_get.go:54.17,59.4 3 0
github.com/go-park-mail-ru/2024_2_TeamOn_Patreon/internal/profile/api/profile_get.go:60.3,62.30 1 0
github.com/go-park-mail-ru/2024_2_TeamOn_Patreon/internal/profile/api/profile_get.go:63.8,67.17 3 0
github.com/go-park-mail-ru/2024_2_TeamOn_Patreon/internal/profile/api/profile_get.go:67.17,72.4 3 0
github.com/go-park-mail-ru/2024_2_TeamOn_Patreon/internal/profile/api/profile_get.go:74.2,88.30 4 0
github.com/go-park-mail-ru/2024_2_TeamOn_Patreon/internal/auth/config/situation.go:84.36,86.56 2 0
github.com/go-park-mail-ru/2024_2_TeamOn_Patreon/internal/auth/config/situation.go:86.56,88.3 1 0
github.com/go-park-mail-ru/2024_2_TeamOn_Patreon/internal/auth/config/situation.go:90.2,90.49 1 0
github.com/go-park-mail-ru/2024_2_TeamOn_Patreon/internal/auth/config/situation.go:93.34,95.56 2 0
github.com/go-park-mail-ru/2024_2_TeamOn_Patreon/internal/auth/config/situation.go:95.56,97.3 1 0
github.com/go-park-mail-ru/2024_2_TeamOn_Patreon/internal/auth/config/situation.go:99.2,99.34 1 0
github.com/go-park-mail-ru/2024_2_TeamOn_Patreon/internal/common/logger/logger.go:10.12,21.2 4 0
github.com/go-park-mail-ru/2024_2_TeamOn_Patreon/internal/common/logger/logger.go:23.42,25.2 1 0
github.com/go-park-mail-ru/2024_2_TeamOn_Patreon/internal/common/logger/logger.go:27.56,29.2 1 0
github.com/go-park-mail-ru/2024_2_TeamOn_Patreon/internal/common/logger/logger.go:31.42,33.2 1 0
github.com/go-park-mail-ru/2024_2_TeamOn_Patreon/internal/common/logger/logger.go:35.56,37.2 1 0
github.com/go-park-mail-ru/2024_2_TeamOn_Patreon/internal/common/logger/logger.go:39.43,41.2 1 0
github.com/go-park-mail-ru/2024_2_TeamOn_Patreon/internal/common/logger/logger.go:43.37,45.2 1 0
github.com/go-park-mail-ru/2024_2_TeamOn_Patreon/internal/common/logger/logger.go:47.43,49.2 1 0
github.com/go-park-mail-ru/2024_2_TeamOn_Patreon/internal/common/logger/logger.go:51.54,53.2 1 0
github.com/go-park-mail-ru/2024_2_TeamOn_Patreon/internal/common/logger/logger.go:55.50,57.2 1 0
github.com/go-park-mail-ru/2024_2_TeamOn_Patreon/internal/common/logger/logger.go:59.71,61.2 1 0
github.com/go-park-mail-ru/2024_2_TeamOn_Patreon/internal/common/logger/logger.go:63.40,65.2 1 0
github.com/go-park-mail-ru/2024_2_TeamOn_Patreon/internal/common/business/models/role.go:15.37,16.14 1 0
github.com/go-park-mail-ru/2024_2_TeamOn_Patreon/internal/common/business/models/role.go:17.14,18.18 1 0
github.com/go-park-mail-ru/2024_2_TeamOn_Patreon/internal/common/business/models/role.go:19.14,20.18 1 0
github.com/go-park-mail-ru/2024_2_TeamOn_Patreon/internal/common/business/models/role.go:21.10,22.19 1 0
github.com/go-park-mail-ru/2024_2_TeamOn_Patreon/internal/profile/errors/validation_error.go:11.42,13.2 1 0
github.com/go-park-mail-ru/2024_2_TeamOn_Patreon/internal/profile/errors/validation_error.go:16.43,18.2 1 0
github.com/go-park-mail-ru/2024_2_TeamOn_Patreon/internal/profile/errors/validation_error.go:21.66,26.2 1 0
github.com/go-park-mail-ru/2024_2_TeamOn_Patreon/internal/profile/utils/logging.go:9.60,10.78 1 0
github.com/go-park-mail-ru/2024_2_TeamOn_Patreon/internal/profile/utils/logging.go:10.78,13.3 2 0
github.com/go-park-mail-ru/2024_2_TeamOn_Patreon/internal/profile/utils/logging.go:14.2,14.19 1 0
github.com/go-park-mail-ru/2024_2_TeamOn_Patreon/internal/profile/repository/repositories/profile_repository.go:22.22,27.2 2 0
github.com/go-park-mail-ru/2024_2_TeamOn_Patreon/internal/profile/repository/repositories/profile_repository.go:29.22,30.29 1 0
github.com/go-park-mail-ru/2024_2_TeamOn_Patreon/internal/profile/repository/repositories/profile_repository.go:30.29,32.3 1 0
github.com/go-park-mail-ru/2024_2_TeamOn_Patreon/internal/profile/repository/repositories/profile_repository.go:33.2,33.25 1 0
github.com/go-park-mail-ru/2024_2_TeamOn_Patreon/internal/profile/repository/repositories/profile_repository.go:37.109,59.2 3 0
github.com/go-park-mail-ru/2024_2_TeamOn_Patreon/internal/profile/repository/repositories/profile_repository.go:62.56,63.37 1 0
github.com/go-park-mail-ru/2024_2_TeamOn_Patreon/internal/profile/repository/repositories/profile_repository.go:63.37,65.48 1 0
github.com/go-park-mail-ru/2024_2_TeamOn_Patreon/internal/profile/repository/repositories/profile_repository.go:65.48,67.4 1 0
github.com/go-park-mail-ru/2024_2_TeamOn_Patreon/internal/profile/repository/repositories/profile_repository.go:69.2,69.19 1 0
github.com/go-park-mail-ru/2024_2_TeamOn_Patreon/internal/profile/repository/repositories/profile_repository.go:73.74,77.9 3 0
github.com/go-park-mail-ru/2024_2_TeamOn_Patreon/internal/profile/repository/repositories/profile_repository.go:77.9,79.3 1 0
github.com/go-park-mail-ru/2024_2_TeamOn_Patreon/internal/profile/repository/repositories/profile_repository.go:81.2,81.25 1 0
github.com/go-park-mail-ru/2024_2_TeamOn_Patreon/internal/profile/repository/repositories/profile_repository.go:81.25,83.3 1 0
github.com/go-park-mail-ru/2024_2_TeamOn_Patreon/internal/profile/repository/repositories/profile_repository.go:85.2,85.26 1 0
github.com/go-park-mail-ru/2024_2_TeamOn_Patreon/internal/profile/repository/repositories/profile_repository.go:90.44,91.14 1 0
github.com/go-park-mail-ru/2024_2_TeamOn_Patreon/internal/profile/repository/repositories/profile_repository.go:92.21,93.18 1 0
github.com/go-park-mail-ru/2024_2_TeamOn_Patreon/internal/profile/repository/repositories/profile_repository.go:94.21,95.18 1 0
github.com/go-park-mail-ru/2024_2_TeamOn_Patreon/internal/profile/repository/repositories/profile_repository.go:96.10,97.19 1 0
github.com/go-park-mail-ru/2024_2_TeamOn_Patreon/cmd/microservices/profile/api/routers.go:23.30,29.31 3 1
github.com/go-park-mail-ru/2024_2_TeamOn_Patreon/cmd/microservices/profile/api/routers.go:29.31,42.3 4 1
github.com/go-park-mail-ru/2024_2_TeamOn_Patreon/cmd/microservices/profile/api/routers.go:44.2,44.15 1 1
github.com/go-park-mail-ru/2024_2_TeamOn_Patreon/internal/auth/api/models/login.go:18.34,20.2 1 0
github.com/go-park-mail-ru/2024_2_TeamOn_Patreon/internal/auth/api/models/login.go:22.43,26.16 3 0
github.com/go-park-mail-ru/2024_2_TeamOn_Patreon/internal/auth/api/models/login.go:26.16,28.3 1 0
github.com/go-park-mail-ru/2024_2_TeamOn_Patreon/internal/auth/api/models/login.go:30.2,31.16 2 0
github.com/go-park-mail-ru/2024_2_TeamOn_Patreon/internal/auth/api/models/login.go:31.16,33.3 1 0
github.com/go-park-mail-ru/2024_2_TeamOn_Patreon/internal/auth/api/models/login.go:34.2,34.18 1 0
github.com/go-park-mail-ru/2024_2_TeamOn_Patreon/internal/auth/api/models/login.go:37.43,41.26 2 0
github.com/go-park-mail-ru/2024_2_TeamOn_Patreon/internal/auth/api/models/login.go:41.26,44.3 2 0
github.com/go-park-mail-ru/2024_2_TeamOn_Patreon/internal/auth/api/models/login.go:47.2,47.27 1 0
github.com/go-park-mail-ru/2024_2_TeamOn_Patreon/internal/auth/api/models/login.go:47.27,49.3 1 0
github.com/go-park-mail-ru/2024_2_TeamOn_Patreon/internal/auth/api/models/login.go:51.2,56.29 2 0
github.com/go-park-mail-ru/2024_2_TeamOn_Patreon/internal/auth/api/models/login.go:56.29,58.35 2 0
github.com/go-park-mail-ru/2024_2_TeamOn_Patreon/internal/auth/api/models/login.go:58.35,60.4 1 0
github.com/go-park-mail-ru/2024_2_TeamOn_Patreon/internal/auth/api/models/login.go:63.2,63.12 1 0
github.com/go-park-mail-ru/2024_2_TeamOn_Patreon/internal/auth/api/models/login.go:66.43,70.26 1 0
github.com/go-park-mail-ru/2024_2_TeamOn_Patreon/internal/auth/api/models/login.go:70.26,72.3 1 0
github.com/go-park-mail-ru/2024_2_TeamOn_Patreon/internal/auth/api/models/login.go:75.2,75.27 1 0
github.com/go-park-mail-ru/2024_2_TeamOn_Patreon/internal/auth/api/models/login.go:75.27,77.3 1 0
github.com/go-park-mail-ru/2024_2_TeamOn_Patreon/internal/auth/api/models/login.go:79.2,83.29 2 0
github.com/go-park-mail-ru/2024_2_TeamOn_Patreon/internal/auth/api/models/login.go:83.29,85.35 2 0
github.com/go-park-mail-ru/2024_2_TeamOn_Patreon/internal/auth/api/models/login.go:85.35,87.4 1 0
github.com/go-park-mail-ru/2024_2_TeamOn_Patreon/internal/auth/api/models/login.go:90.2,90.12 1 0
github.com/go-park-mail-ru/2024_2_TeamOn_Patreon/internal/auth/api/models/model_error.go:10.39,12.2 1 0
github.com/go-park-mail-ru/2024_2_TeamOn_Patreon/internal/auth/api/models/reg.go:18.33,20.2 1 0
github.com/go-park-mail-ru/2024_2_TeamOn_Patreon/internal/auth/api/models/reg.go:22.42,26.16 3 0
github.com/go-park-mail-ru/2024_2_TeamOn_Patreon/internal/auth/api/models/reg.go:26.16,28.3 1 0
github.com/go-park-mail-ru/2024_2_TeamOn_Patreon/internal/auth/api/models/reg.go:30.2,31.16 2 0
github.com/go-park-mail-ru/2024_2_TeamOn_Patreon/internal/auth/api/models/reg.go:31.16,33.3 1 0
github.com/go-park-mail-ru/2024_2_TeamOn_Patreon/internal/auth/api/models/reg.go:35.2,35.18 1 0
github.com/go-park-mail-ru/2024_2_TeamOn_Patreon/internal/auth/api/models/reg.go:38.42,40.27 1 0
github.com/go-park-mail-ru/2024_2_TeamOn_Patreon/internal/auth/api/models/reg.go:40.27,42.3 1 0
github.com/go-park-mail-ru/2024_2_TeamOn_Patreon/internal/auth/api/models/reg.go:45.2,45.28 1 0
github.com/go-park-mail-ru/2024_2_TeamOn_Patreon/internal/auth/api/models/reg.go:45.28,47.3 1 0
github.com/go-park-mail-ru/2024_2_TeamOn_Patreon/internal/auth/api/models/reg.go:49.2,56.29 2 0
github.com/go-park-mail-ru/2024_2_TeamOn_Patreon/internal/auth/api/models/reg.go:56.29,58.36 2 0
github.com/go-park-mail-ru/2024_2_TeamOn_Patreon/internal/auth/api/models/reg.go:58.36,60.4 1 0
github.com/go-park-mail-ru/2024_2_TeamOn_Patreon/internal/auth/api/models/reg.go:63.2,63.12 1 0
github.com/go-park-mail-ru/2024_2_TeamOn_Patreon/internal/auth/api/models/reg.go:66.42,69.27 1 0
github.com/go-park-mail-ru/2024_2_TeamOn_Patreon/internal/auth/api/models/reg.go:69.27,71.3 1 0
github.com/go-park-mail-ru/2024_2_TeamOn_Patreon/internal/auth/api/models/reg.go:74.2,74.28 1 0
github.com/go-park-mail-ru/2024_2_TeamOn_Patreon/internal/auth/api/models/reg.go:74.28,76.3 1 0
github.com/go-park-mail-ru/2024_2_TeamOn_Patreon/internal/auth/api/models/reg.go:78.2,86.29 2 0
github.com/go-park-mail-ru/2024_2_TeamOn_Patreon/internal/auth/api/models/reg.go:86.29,88.36 2 0
github.com/go-park-mail-ru/2024_2_TeamOn_Patreon/internal/auth/api/models/reg.go:88.36,90.4 1 0
github.com/go-park-mail-ru/2024_2_TeamOn_Patreon/internal/auth/api/models/reg.go:93.2,93.12 1 0
github.com/go-park-mail-ru/2024_2_TeamOn_Patreon/internal/auth/api/utils/create_cookie.go:10.60,24.2 3 1
github.com/go-park-mail-ru/2024_2_TeamOn_Patreon/internal/auth/api/utils/parse_models.go:10.59,11.59 1 0
github.com/go-park-mail-ru/2024_2_TeamOn_Patreon/internal/auth/api/utils/parse_models.go:11.59,14.3 2 0
github.com/go-park-mail-ru/2024_2_TeamOn_Patreon/internal/auth/api/utils/parse_models.go:15.2,16.12 2 0
github.com/go-park-mail-ru/2024_2_TeamOn_Patreon/internal/auth/api/utils/send_model.go:10.71,17.2 3 0
github.com/go-park-mail-ru/2024_2_TeamOn_Patreon/internal/auth/behavior/jwt/create_jwt.go:17.65,20.14 2 1
github.com/go-park-mail-ru/2024_2_TeamOn_Patreon/internal/auth/behavior/jwt/create_jwt.go:20.14,22.3 1 0
github.com/go-park-mail-ru/2024_2_TeamOn_Patreon/internal/auth/behavior/jwt/create_jwt.go:25.2,38.16 3 1
github.com/go-park-mail-ru/2024_2_TeamOn_Patreon/internal/auth/behavior/jwt/create_jwt.go:38.16,40.3 1 0
github.com/go-park-mail-ru/2024_2_TeamOn_Patreon/internal/auth/behavior/jwt/create_jwt.go:42.2,42.25 1 1
github.com/go-park-mail-ru/2024_2_TeamOn_Patreon/internal/auth/behavior/jwt/create_jwt.go:48.64,54.16 3 1
github.com/go-park-mail-ru/2024_2_TeamOn_Patreon/internal/auth/behavior/jwt/create_jwt.go:54.16,56.3 1 0
github.com/go-park-mail-ru/2024_2_TeamOn_Patreon/internal/auth/behavior/jwt/create_jwt.go:58.2,58.38 1 1
github.com/go-park-mail-ru/2024_2_TeamOn_Patreon/internal/auth/behavior/jwt/parse_token.go:14.64,17.16 2 1
github.com/go-park-mail-ru/2024_2_TeamOn_Patreon/internal/auth/behavior/jwt/parse_token.go:17.16,19.3 1 1
github.com/go-park-mail-ru/2024_2_TeamOn_Patreon/internal/auth/behavior/jwt/parse_token.go:22.2,26.16 3 1
github.com/go-park-mail-ru/2024_2_TeamOn_Patreon/internal/auth/behavior/jwt/parse_token.go:26.16,28.3 1 0
github.com/go-park-mail-ru/2024_2_TeamOn_Patreon/internal/auth/behavior/jwt/parse_token.go:31.2,31.20 1 1
github.com/go-park-mail-ru/2024_2_TeamOn_Patreon/internal/auth/behavior/jwt/parse_token.go:34.70,39.101 2 1
github.com/go-park-mail-ru/2024_2_TeamOn_Patreon/internal/auth/behavior/jwt/parse_token.go:39.101,41.58 1 1
github.com/go-park-mail-ru/2024_2_TeamOn_Patreon/internal/auth/behavior/jwt/parse_token.go:41.58,43.4 1 0
github.com/go-park-mail-ru/2024_2_TeamOn_Patreon/internal/auth/behavior/jwt/parse_token.go:44.3,44.21 1 1
github.com/go-park-mail-ru/2024_2_TeamOn_Patreon/internal/auth/behavior/jwt/parse_token.go:48.2,48.16 1 1
github.com/go-park-mail-ru/2024_2_TeamOn_Patreon/internal/auth/behavior/jwt/parse_token.go:48.16,50.3 1 0
github.com/go-park-mail-ru/2024_2_TeamOn_Patreon/internal/auth/behavior/jwt/parse_token.go:53.2,53.18 1 1
github.com/go-park-mail-ru/2024_2_TeamOn_Patreon/internal/auth/behavior/jwt/parse_token.go:53.18,55.3 1 0
github.com/go-park-mail-ru/2024_2_TeamOn_Patreon/internal/auth/behavior/jwt/parse_token.go:58.2,58.46 1 1
github.com/go-park-mail-ru/2024_2_TeamOn_Patreon/internal/auth/behavior/jwt/parse_token.go:58.46,60.3 1 0
github.com/go-park-mail-ru/2024_2_TeamOn_Patreon/internal/auth/behavior/jwt/parse_token.go:63.2,63.20 1 1
github.com/go-park-mail-ru/2024_2_TeamOn_Patreon/internal/auth/behavior/mapper/map_token_to_user.go:10.58,16.2 1 1
github.com/go-park-mail-ru/2024_2_TeamOn_Patreon/internal/auth/config/situation.go:84.36,86.56 2 0
github.com/go-park-mail-ru/2024_2_TeamOn_Patreon/internal/auth/config/situation.go:86.56,88.3 1 0
github.com/go-park-mail-ru/2024_2_TeamOn_Patreon/internal/auth/config/situation.go:90.2,90.49 1 0
github.com/go-park-mail-ru/2024_2_TeamOn_Patreon/internal/auth/config/situation.go:93.34,95.56 2 0
github.com/go-park-mail-ru/2024_2_TeamOn_Patreon/internal/auth/config/situation.go:95.56,97.3 1 0
github.com/go-park-mail-ru/2024_2_TeamOn_Patreon/internal/auth/config/situation.go:99.2,99.34 1 0
github.com/go-park-mail-ru/2024_2_TeamOn_Patreon/internal/common/business/models/role.go:15.37,16.14 1 0
github.com/go-park-mail-ru/2024_2_TeamOn_Patreon/internal/common/business/models/role.go:17.14,18.18 1 0
github.com/go-park-mail-ru/2024_2_TeamOn_Patreon/internal/common/business/models/role.go:19.14,20.18 1 0
github.com/go-park-mail-ru/2024_2_TeamOn_Patreon/internal/common/business/models/role.go:21.10,22.19 1 0
github.com/go-park-mail-ru/2024_2_TeamOn_Patreon/internal/common/logger/logger.go:10.12,21.2 4 0
github.com/go-park-mail-ru/2024_2_TeamOn_Patreon/internal/common/logger/logger.go:23.42,25.2 1 1
github.com/go-park-mail-ru/2024_2_TeamOn_Patreon/internal/common/logger/logger.go:27.56,29.2 1 1
github.com/go-park-mail-ru/2024_2_TeamOn_Patreon/internal/common/logger/logger.go:31.42,33.2 1 0
github.com/go-park-mail-ru/2024_2_TeamOn_Patreon/internal/common/logger/logger.go:35.56,37.2 1 0
github.com/go-park-mail-ru/2024_2_TeamOn_Patreon/internal/common/logger/logger.go:39.43,41.2 1 0
github.com/go-park-mail-ru/2024_2_TeamOn_Patreon/internal/common/logger/logger.go:43.37,45.2 1 1
github.com/go-park-mail-ru/2024_2_TeamOn_Patreon/internal/common/logger/logger.go:47.43,49.2 1 1
github.com/go-park-mail-ru/2024_2_TeamOn_Patreon/internal/common/logger/logger.go:51.54,53.2 1 0
github.com/go-park-mail-ru/2024_2_TeamOn_Patreon/internal/common/logger/logger.go:55.50,57.2 1 1
github.com/go-park-mail-ru/2024_2_TeamOn_Patreon/internal/common/logger/logger.go:59.71,61.2 1 1
github.com/go-park-mail-ru/2024_2_TeamOn_Patreon/internal/common/logger/logger.go:63.40,65.2 1 0
github.com/go-park-mail-ru/2024_2_TeamOn_Patreon/internal/common/middlewares/handler_auth.go:15.50,16.71 1 1
github.com/go-park-mail-ru/2024_2_TeamOn_Patreon/internal/common/middlewares/handler_auth.go:16.71,21.39 3 1
github.com/go-park-mail-ru/2024_2_TeamOn_Patreon/internal/common/middlewares/handler_auth.go:21.39,24.4 2 1
github.com/go-park-mail-ru/2024_2_TeamOn_Patreon/internal/common/middlewares/handler_auth.go:28.3,41.23 5 1
github.com/go-park-mail-ru/2024_2_TeamOn_Patreon/internal/common/middlewares/logging.go:26.49,28.71 2 1
github.com/go-park-mail-ru/2024_2_TeamOn_Patreon/internal/common/middlewares/logging.go:28.71,30.19 2 1
github.com/go-park-mail-ru/2024_2_TeamOn_Patreon/internal/common/middlewares/logging.go:30.19,32.4 1 1
github.com/go-park-mail-ru/2024_2_TeamOn_Patreon/internal/common/middlewares/logging.go:33.3,37.26 2 1
github.com/go-park-mail-ru/2024_2_TeamOn_Patreon/internal/profile/api/profile_get.go:17.57,23.9 4 1
github.com/go-park-mail-ru/2024_2_TeamOn_Patreon/internal/profile/api/profile_get.go:23.9,28.3 3 0
github.com/go-park-mail-ru/2024_2_TeamOn_Patreon/internal/profile/api/profile_get.go:31.2,31.26 1 1
github.com/go-park-mail-ru/2024_2_TeamOn_Patreon/internal/profile/api/profile_get.go:31.26,36.3 3 1
github.com/go-park-mail-ru/2024_2_TeamOn_Patreon/internal/profile/api/profile_get.go:40.2,42.16 3 1
github.com/go-park-mail-ru/2024_2_TeamOn_Patreon/internal/profile/api/profile_get.go:42.16,47.3 3 0
github.com/go-park-mail-ru/2024_2_TeamOn_Patreon/internal/profile/api/profile_get.go:49.2,52.18 2 1
github.com/go-park-mail-ru/2024_2_TeamOn_Patreon/internal/profile/api/profile_get.go:52.18,54.17 2 1
github.com/go-park-mail-ru/2024_2_TeamOn_Patreon/internal/profile/api/profile_get.go:54.17,59.4 3 0
github.com/go-park-mail-ru/2024_2_TeamOn_Patreon/internal/profile/api/profile_get.go:60.3,62.30 1 1
github.com/go-park-mail-ru/2024_2_TeamOn_Patreon/internal/profile/api/profile_get.go:63.8,67.17 3 1
github.com/go-park-mail-ru/2024_2_TeamOn_Patreon/internal/profile/api/profile_get.go:67.17,72.4 3 0
github.com/go-park-mail-ru/2024_2_TeamOn_Patreon/internal/profile/api/profile_get.go:74.2,88.30 4 1
github.com/go-park-mail-ru/2024_2_TeamOn_Patreon/internal/profile/repository/repositories/profile_repository.go:22.22,27.2 2 1
github.com/go-park-mail-ru/2024_2_TeamOn_Patreon/internal/profile/repository/repositories/profile_repository.go:29.22,30.29 1 1
github.com/go-park-mail-ru/2024_2_TeamOn_Patreon/internal/profile/repository/repositories/profile_repository.go:30.29,32.3 1 1
github.com/go-park-mail-ru/2024_2_TeamOn_Patreon/internal/profile/repository/repositories/profile_repository.go:33.2,33.25 1 1
github.com/go-park-mail-ru/2024_2_TeamOn_Patreon/internal/profile/repository/repositories/profile_repository.go:37.109,59.2 3 1
github.com/go-park-mail-ru/2024_2_TeamOn_Patreon/internal/profile/repository/repositories/profile_repository.go:62.56,63.37 1 1
github.com/go-park-mail-ru/2024_2_TeamOn_Patreon/internal/profile/repository/repositories/profile_repository.go:63.37,65.48 1 1
github.com/go-park-mail-ru/2024_2_TeamOn_Patreon/internal/profile/repository/repositories/profile_repository.go:65.48,67.4 1 1
github.com/go-park-mail-ru/2024_2_TeamOn_Patreon/internal/profile/repository/repositories/profile_repository.go:69.2,69.19 1 1
github.com/go-park-mail-ru/2024_2_TeamOn_Patreon/internal/profile/repository/repositories/profile_repository.go:73.74,77.9 3 1
github.com/go-park-mail-ru/2024_2_TeamOn_Patreon/internal/profile/repository/repositories/profile_repository.go:77.9,79.3 1 0
github.com/go-park-mail-ru/2024_2_TeamOn_Patreon/internal/profile/repository/repositories/profile_repository.go:81.2,81.25 1 1
github.com/go-park-mail-ru/2024_2_TeamOn_Patreon/internal/profile/repository/repositories/profile_repository.go:81.25,83.3 1 0
github.com/go-park-mail-ru/2024_2_TeamOn_Patreon/internal/profile/repository/repositories/profile_repository.go:85.2,85.26 1 1
github.com/go-park-mail-ru/2024_2_TeamOn_Patreon/internal/profile/repository/repositories/profile_repository.go:90.44,91.14 1 1
github.com/go-park-mail-ru/2024_2_TeamOn_Patreon/internal/profile/repository/repositories/profile_repository.go:92.21,93.18 1 1
github.com/go-park-mail-ru/2024_2_TeamOn_Patreon/internal/profile/repository/repositories/profile_repository.go:94.21,95.18 1 1
github.com/go-park-mail-ru/2024_2_TeamOn_Patreon/internal/profile/repository/repositories/profile_repository.go:96.10,97.19 1 0
github.com/go-park-mail-ru/2024_2_TeamOn_Patreon/tests/profile/setup_server.go:22.36,33.2 5 1
github.com/go-park-mail-ru/2024_2_TeamOn_Patreon/tests/profile/setup_server.go:36.34,38.2 1 1
github.com/go-park-mail-ru/2024_2_TeamOn_Patreon/tests/profile/setup_server.go:41.127,44.17 3 1
github.com/go-park-mail-ru/2024_2_TeamOn_Patreon/tests/profile/setup_server.go:44.17,47.3 2 0
github.com/go-park-mail-ru/2024_2_TeamOn_Patreon/tests/profile/setup_server.go:49.2,52.17 3 1
github.com/go-park-mail-ru/2024_2_TeamOn_Patreon/tests/profile/setup_server.go:52.17,54.3 1 0
github.com/go-park-mail-ru/2024_2_TeamOn_Patreon/tests/profile/setup_server.go:56.2,61.13 5 1
github.com/go-park-mail-ru/2024_2_TeamOn_Patreon/tests/profile/setup_server.go:65.69,66.33 1 1
github.com/go-park-mail-ru/2024_2_TeamOn_Patreon/tests/profile/setup_server.go:66.33,68.3 1 1
github.com/go-park-mail-ru/2024_2_TeamOn_Patreon/cmd/microservices/auth/api/routers.go:27.63,51.31 5 1
github.com/go-park-mail-ru/2024_2_TeamOn_Patreon/cmd/microservices/auth/api/routers.go:51.31,64.3 4 1
github.com/go-park-mail-ru/2024_2_TeamOn_Patreon/cmd/microservices/auth/api/routers.go:66.2,66.15 1 1
github.com/go-park-mail-ru/2024_2_TeamOn_Patreon/internal/auth/api/handler.go:11.53,13.2 1 1
github.com/go-park-mail-ru/2024_2_TeamOn_Patreon/internal/auth/api/login_post.go:13.75,19.53 4 1
github.com/go-park-mail-ru/2024_2_TeamOn_Patreon/internal/auth/api/login_post.go:19.53,26.3 4 0
github.com/go-park-mail-ru/2024_2_TeamOn_Patreon/internal/auth/api/login_post.go:29.2,29.40 1 1
github.com/go-park-mail-ru/2024_2_TeamOn_Patreon/internal/auth/api/login_post.go:29.40,37.3 5 1
github.com/go-park-mail-ru/2024_2_TeamOn_Patreon/internal/auth/api/login_post.go:43.2,44.16 2 1
github.com/go-park-mail-ru/2024_2_TeamOn_Patreon/internal/auth/api/login_post.go:44.16,51.3 4 1
github.com/go-park-mail-ru/2024_2_TeamOn_Patreon/internal/auth/api/login_post.go:54.2,63.30 4 1
github.com/go-park-mail-ru/2024_2_TeamOn_Patreon/internal/auth/api/register_post.go:13.82,19.53 4 1
github.com/go-park-mail-ru/2024_2_TeamOn_Patreon/internal/auth/api/register_post.go:19.53,26.3 4 0
github.com/go-park-mail-ru/2024_2_TeamOn_Patreon/internal/auth/api/register_post.go:29.2,29.40 1 1
github.com/go-park-mail-ru/2024_2_TeamOn_Patreon/internal/auth/api/register_post.go:29.40,37.3 5 1
github.com/go-park-mail-ru/2024_2_TeamOn_Patreon/internal/auth/api/register_post.go:40.2,41.16 2 1
github.com/go-park-mail-ru/2024_2_TeamOn_Patreon/internal/auth/api/register_post.go:41.16,49.3 5 1
github.com/go-park-mail-ru/2024_2_TeamOn_Patreon/internal/auth/api/register_post.go:52.2,61.30 4 1
github.com/go-park-mail-ru/2024_2_TeamOn_Patreon/internal/auth/api/models/login.go:18.34,20.2 1 1
github.com/go-park-mail-ru/2024_2_TeamOn_Patreon/internal/auth/api/models/login.go:22.43,26.16 3 1
github.com/go-park-mail-ru/2024_2_TeamOn_Patreon/internal/auth/api/models/login.go:26.16,28.3 1 1
github.com/go-park-mail-ru/2024_2_TeamOn_Patreon/internal/auth/api/models/login.go:30.2,31.16 2 1
github.com/go-park-mail-ru/2024_2_TeamOn_Patreon/internal/auth/api/models/login.go:31.16,33.3 1 1
github.com/go-park-mail-ru/2024_2_TeamOn_Patreon/internal/auth/api/models/login.go:34.2,34.18 1 1
github.com/go-park-mail-ru/2024_2_TeamOn_Patreon/internal/auth/api/models/login.go:37.43,41.26 2 1
github.com/go-park-mail-ru/2024_2_TeamOn_Patreon/internal/auth/api/models/login.go:41.26,44.3 2 1
github.com/go-park-mail-ru/2024_2_TeamOn_Patreon/internal/auth/api/models/login.go:47.2,47.27 1 1
github.com/go-park-mail-ru/2024_2_TeamOn_Patreon/internal/auth/api/models/login.go:47.27,49.3 1 1
github.com/go-park-mail-ru/2024_2_TeamOn_Patreon/internal/auth/api/models/login.go:51.2,56.29 2 1
github.com/go-park-mail-ru/2024_2_TeamOn_Patreon/internal/auth/api/models/login.go:56.29,58.35 2 1
github.com/go-park-mail-ru/2024_2_TeamOn_Patreon/internal/auth/api/models/login.go:58.35,60.4 1 1
github.com/go-park-mail-ru/2024_2_TeamOn_Patreon/internal/auth/api/models/login.go:63.2,63.12 1 1
github.com/go-park-mail-ru/2024_2_TeamOn_Patreon/internal/auth/api/models/login.go:66.43,70.26 1 1
github.com/go-park-mail-ru/2024_2_TeamOn_Patreon/internal/auth/api/models/login.go:70.26,72.3 1 1
github.com/go-park-mail-ru/2024_2_TeamOn_Patreon/internal/auth/api/models/login.go:75.2,75.27 1 1
github.com/go-park-mail-ru/2024_2_TeamOn_Patreon/internal/auth/api/models/login.go:75.27,77.3 1 1
github.com/go-park-mail-ru/2024_2_TeamOn_Patreon/internal/auth/api/models/login.go:79.2,83.29 2 1
github.com/go-park-mail-ru/2024_2_TeamOn_Patreon/internal/auth/api/models/login.go:83.29,85.35 2 1
github.com/go-park-mail-ru/2024_2_TeamOn_Patreon/internal/auth/api/models/login.go:85.35,87.4 1 1
github.com/go-park-mail-ru/2024_2_TeamOn_Patreon/internal/auth/api/models/login.go:90.2,90.12 1 1
github.com/go-park-mail-ru/2024_2_TeamOn_Patreon/internal/auth/api/models/model_error.go:10.39,12.2 1 1
github.com/go-park-mail-ru/2024_2_TeamOn_Patreon/internal/auth/api/models/reg.go:18.33,20.2 1 1
github.com/go-park-mail-ru/2024_2_TeamOn_Patreon/internal/auth/api/models/reg.go:22.42,26.16 3 1
github.com/go-park-mail-ru/2024_2_TeamOn_Patreon/internal/auth/api/models/reg.go:26.16,28.3 1 1
github.com/go-park-mail-ru/2024_2_TeamOn_Patreon/internal/auth/api/models/reg.go:30.2,31.16 2 1
github.com/go-park-mail-ru/2024_2_TeamOn_Patreon/internal/auth/api/models/reg.go:31.16,33.3 1 1
github.com/go-park-mail-ru/2024_2_TeamOn_Patreon/internal/auth/api/models/reg.go:35.2,35.18 1 1
github.com/go-park-mail-ru/2024_2_TeamOn_Patreon/internal/auth/api/models/reg.go:38.42,40.27 1 1
github.com/go-park-mail-ru/2024_2_TeamOn_Patreon/internal/auth/api/models/reg.go:40.27,42.3 1 1
github.com/go-park-mail-ru/2024_2_TeamOn_Patreon/internal/auth/api/models/reg.go:45.2,45.28 1 1
github.com/go-park-mail-ru/2024_2_TeamOn_Patreon/internal/auth/api/models/reg.go:45.28,47.3 1 1
github.com/go-park-mail-ru/2024_2_TeamOn_Patreon/internal/auth/api/models/reg.go:49.2,56.29 2 1
github.com/go-park-mail-ru/2024_2_TeamOn_Patreon/internal/auth/api/models/reg.go:56.29,58.36 2 1
github.com/go-park-mail-ru/2024_2_TeamOn_Patreon/internal/auth/api/models/reg.go:58.36,60.4 1 1
github.com/go-park-mail-ru/2024_2_TeamOn_Patreon/internal/auth/api/models/reg.go:63.2,63.12 1 1
github.com/go-park-mail-ru/2024_2_TeamOn_Patreon/internal/auth/api/models/reg.go:66.42,69.27 1 1
github.com/go-park-mail-ru/2024_2_TeamOn_Patreon/internal/auth/api/models/reg.go:69.27,71.3 1 1
github.com/go-park-mail-ru/2024_2_TeamOn_Patreon/internal/auth/api/models/reg.go:74.2,74.28 1 1
github.com/go-park-mail-ru/2024_2_TeamOn_Patreon/internal/auth/api/models/reg.go:74.28,76.3 1 1
github.com/go-park-mail-ru/2024_2_TeamOn_Patreon/internal/auth/api/models/reg.go:78.2,86.29 2 1
github.com/go-park-mail-ru/2024_2_TeamOn_Patreon/internal/auth/api/models/reg.go:86.29,88.36 2 1
github.com/go-park-mail-ru/2024_2_TeamOn_Patreon/internal/auth/api/models/reg.go:88.36,90.4 1 1
github.com/go-park-mail-ru/2024_2_TeamOn_Patreon/internal/auth/api/models/reg.go:93.2,93.12 1 1
github.com/go-park-mail-ru/2024_2_TeamOn_Patreon/internal/auth/api/utils/create_cookie.go:10.60,24.2 3 1
github.com/go-park-mail-ru/2024_2_TeamOn_Patreon/internal/auth/api/utils/parse_models.go:10.59,11.59 1 1
github.com/go-park-mail-ru/2024_2_TeamOn_Patreon/internal/auth/api/utils/parse_models.go:11.59,14.3 2 0
github.com/go-park-mail-ru/2024_2_TeamOn_Patreon/internal/auth/api/utils/parse_models.go:15.2,16.12 2 1
github.com/go-park-mail-ru/2024_2_TeamOn_Patreon/internal/auth/api/utils/send_model.go:10.71,17.2 3 1
github.com/go-park-mail-ru/2024_2_TeamOn_Patreon/internal/auth/behavior/behavior.go:18.59,20.2 1 1
github.com/go-park-mail-ru/2024_2_TeamOn_Patreon/internal/auth/behavior/behavior.go:23.96,29.17 3 1
github.com/go-park-mail-ru/2024_2_TeamOn_Patreon/internal/auth/behavior/behavior.go:29.17,31.3 1 0
github.com/go-park-mail-ru/2024_2_TeamOn_Patreon/internal/auth/behavior/behavior.go:32.2,32.12 1 1
github.com/go-park-mail-ru/2024_2_TeamOn_Patreon/internal/auth/behavior/behavior.go:32.12,34.3 1 1
github.com/go-park-mail-ru/2024_2_TeamOn_Patreon/internal/auth/behavior/behavior.go:37.2,38.16 2 1
github.com/go-park-mail-ru/2024_2_TeamOn_Patreon/internal/auth/behavior/behavior.go:38.16,40.3 1 0
github.com/go-park-mail-ru/2024_2_TeamOn_Patreon/internal/auth/behavior/behavior.go:43.2,44.16 2 1
github.com/go-park-mail-ru/2024_2_TeamOn_Patreon/internal/auth/behavior/behavior.go:44.16,46.3 1 0
github.com/go-park-mail-ru/2024_2_TeamOn_Patreon/internal/auth/behavior/behavior.go:49.2,50.16 2 1
github.com/go-park-mail-ru/2024_2_TeamOn_Patreon/internal/auth/behavior/behavior.go:50.16,52.3 1 0
github.com/go-park-mail-ru/2024_2_TeamOn_Patreon/internal/auth/behavior/behavior.go:55.2,55.19 1 1
github.com/go-park-mail-ru/2024_2_TeamOn_Patreon/internal/auth/behavior/behavior.go:59.94,65.16 3 1
github.com/go-park-mail-ru/2024_2_TeamOn_Patreon/internal/auth/behavior/behavior.go:65.16,68.3 2 0
github.com/go-park-mail-ru/2024_2_TeamOn_Patreon/internal/auth/behavior/behavior.go:69.2,69.13 1 1
github.com/go-park-mail-ru/2024_2_TeamOn_Patreon/internal/auth/behavior/behavior.go:69.13,72.3 2 0
github.com/go-park-mail-ru/2024_2_TeamOn_Patreon/internal/auth/behavior/behavior.go:75.2,76.16 2 1
github.com/go-park-mail-ru/2024_2_TeamOn_Patreon/internal/auth/behavior/behavior.go:76.16,79.3 2 0
github.com/go-park-mail-ru/2024_2_TeamOn_Patreon/internal/auth/behavior/behavior.go:82.2,83.16 2 1
github.com/go-park-mail-ru/2024_2_TeamOn_Patreon/internal/auth/behavior/behavior.go:83.16,86.3 2 1
github.com/go-park-mail-ru/2024_2_TeamOn_Patreon/internal/auth/behavior/behavior.go:87.2,87.9 1 1
github.com/go-park-mail-ru/2024_2_TeamOn_Patreon/internal/auth/behavior/behavior.go:87.9,90.3 2 0
github.com/go-park-mail-ru/2024_2_TeamOn_Patreon/internal/auth/behavior/behavior.go:93.2,94.16 2 1
github.com/go-park-mail-ru/2024_2_TeamOn_Patreon/internal/auth/behavior/behavior.go:94.16,97.3 2 0
github.com/go-park-mail-ru/2024_2_TeamOn_Patreon/internal/auth/behavior/behavior.go:99.2,101.19 2 1
github.com/go-park-mail-ru/2024_2_TeamOn_Patreon/internal/auth/behavior/behavior.go:104.64,110.16 3 1
github.com/go-park-mail-ru/2024_2_TeamOn_Patreon/internal/auth/behavior/behavior.go:110.16,112.3 1 0
github.com/go-park-mail-ru/2024_2_TeamOn_Patreon/internal/auth/behavior/behavior.go:114.2,114.20 1 1
github.com/go-park-mail-ru/2024_2_TeamOn_Patreon/internal/auth/behavior/behavior.go:117.52,121.16 3 1
github.com/go-park-mail-ru/2024_2_TeamOn_Patreon/internal/auth/behavior/behavior.go:121.16,123.3 1 0
github.com/go-park-mail-ru/2024_2_TeamOn_Patreon/internal/auth/behavior/behavior.go:124.2,124.18 1 1
github.com/go-park-mail-ru/2024_2_TeamOn_Patreon/internal/auth/behavior/behavior.go:127.82,132.16 4 1
github.com/go-park-mail-ru/2024_2_TeamOn_Patreon/internal/auth/behavior/behavior.go:132.16,134.3 1 0
github.com/go-park-mail-ru/2024_2_TeamOn_Patreon/internal/auth/behavior/behavior.go:135.2,135.18 1 1
github.com/go-park-mail-ru/2024_2_TeamOn_Patreon/internal/auth/behavior/behavior.go:138.62,143.16 3 1
github.com/go-park-mail-ru/2024_2_TeamOn_Patreon/internal/auth/behavior/behavior.go:143.16,145.3 1 0
github.com/go-park-mail-ru/2024_2_TeamOn_Patreon/internal/auth/behavior/behavior.go:146.2,146.19 1 1
github.com/go-park-mail-ru/2024_2_TeamOn_Patreon/internal/auth/behavior/behavior.go:149.68,153.16 3 1
github.com/go-park-mail-ru/2024_2_TeamOn_Patreon/internal/auth/behavior/behavior.go:153.16,155.3 1 0
github.com/go-park-mail-ru/2024_2_TeamOn_Patreon/internal/auth/behavior/behavior.go:156.2,156.18 1 1
github.com/go-park-mail-ru/2024_2_TeamOn_Patreon/internal/auth/behavior/behavior.go:159.86,163.16 3 1
github.com/go-park-mail-ru/2024_2_TeamOn_Patreon/internal/auth/behavior/behavior.go:163.16,165.3 1 0
github.com/go-park-mail-ru/2024_2_TeamOn_Patreon/internal/auth/behavior/behavior.go:168.2,169.16 2 1
github.com/go-park-mail-ru/2024_2_TeamOn_Patreon/internal/auth/behavior/behavior.go:169.16,171.3 1 1
github.com/go-park-mail-ru/2024_2_TeamOn_Patreon/internal/auth/behavior/behavior.go:171.8,173.3 1 1
github.com/go-park-mail-ru/2024_2_TeamOn_Patreon/internal/auth/behavior/hasher/check_password_hash.go:5.53,7.2 1 1
github.com/go-park-mail-ru/2024_2_TeamOn_Patreon/internal/auth/behavior/hasher/hash_password.go:6.52,9.16 2 1
github.com/go-park-mail-ru/2024_2_TeamOn_Patreon/internal/auth/behavior/hasher/hash_password.go:9.16,11.3 1 0
github.com/go-park-mail-ru/2024_2_TeamOn_Patreon/internal/auth/behavior/hasher/hash_password.go:12.2,12.26 1 1
github.com/go-park-mail-ru/2024_2_TeamOn_Patreon/internal/auth/behavior/jwt/create_jwt.go:17.65,20.14 2 1
github.com/go-park-mail-ru/2024_2_TeamOn_Patreon/internal/auth/behavior/jwt/create_jwt.go:20.14,22.3 1 0
github.com/go-park-mail-ru/2024_2_TeamOn_Patreon/internal/auth/behavior/jwt/create_jwt.go:25.2,38.16 3 1
github.com/go-park-mail-ru/2024_2_TeamOn_Patreon/internal/auth/behavior/jwt/create_jwt.go:38.16,40.3 1 0
github.com/go-park-mail-ru/2024_2_TeamOn_Patreon/internal/auth/behavior/jwt/create_jwt.go:42.2,42.25 1 1
github.com/go-park-mail-ru/2024_2_TeamOn_Patreon/internal/auth/behavior/jwt/create_jwt.go:48.64,54.16 3 1
github.com/go-park-mail-ru/2024_2_TeamOn_Patreon/internal/auth/behavior/jwt/create_jwt.go:54.16,56.3 1 0
github.com/go-park-mail-ru/2024_2_TeamOn_Patreon/internal/auth/behavior/jwt/create_jwt.go:58.2,58.38 1 1
github.com/go-park-mail-ru/2024_2_TeamOn_Patreon/internal/auth/behavior/jwt/parse_token.go:14.64,17.16 2 1
github.com/go-park-mail-ru/2024_2_TeamOn_Patreon/internal/auth/behavior/jwt/parse_token.go:17.16,19.3 1 0
github.com/go-park-mail-ru/2024_2_TeamOn_Patreon/internal/auth/behavior/jwt/parse_token.go:22.2,26.16 3 1
github.com/go-park-mail-ru/2024_2_TeamOn_Patreon/internal/auth/behavior/jwt/parse_token.go:26.16,28.3 1 0
github.com/go-park-mail-ru/2024_2_TeamOn_Patreon/internal/auth/behavior/jwt/parse_token.go:31.2,31.20 1 1
github.com/go-park-mail-ru/2024_2_TeamOn_Patreon/internal/auth/behavior/jwt/parse_token.go:34.70,39.101 2 1
github.com/go-park-mail-ru/2024_2_TeamOn_Patreon/internal/auth/behavior/jwt/parse_token.go:39.101,41.58 1 1
github.com/go-park-mail-ru/2024_2_TeamOn_Patreon/internal/auth/behavior/jwt/parse_token.go:41.58,43.4 1 0
github.com/go-park-mail-ru/2024_2_TeamOn_Patreon/internal/auth/behavior/jwt/parse_token.go:44.3,44.21 1 1
github.com/go-park-mail-ru/2024_2_TeamOn_Patreon/internal/auth/behavior/jwt/parse_token.go:48.2,48.16 1 1
github.com/go-park-mail-ru/2024_2_TeamOn_Patreon/internal/auth/behavior/jwt/parse_token.go:48.16,50.3 1 0
github.com/go-park-mail-ru/2024_2_TeamOn_Patreon/internal/auth/behavior/jwt/parse_token.go:53.2,53.18 1 1
github.com/go-park-mail-ru/2024_2_TeamOn_Patreon/internal/auth/behavior/jwt/parse_token.go:53.18,55.3 1 0
github.com/go-park-mail-ru/2024_2_TeamOn_Patreon/internal/auth/behavior/jwt/parse_token.go:58.2,58.46 1 1
github.com/go-park-mail-ru/2024_2_TeamOn_Patreon/internal/auth/behavior/jwt/parse_token.go:58.46,60.3 1 0
github.com/go-park-mail-ru/2024_2_TeamOn_Patreon/internal/auth/behavior/jwt/parse_token.go:63.2,63.20 1 1
github.com/go-park-mail-ru/2024_2_TeamOn_Patreon/internal/auth/behavior/mapper/map_token_to_user.go:10.58,16.2 1 1
github.com/go-park-mail-ru/2024_2_TeamOn_Patreon/internal/auth/config/situation.go:84.36,86.56 2 1
github.com/go-park-mail-ru/2024_2_TeamOn_Patreon/internal/auth/config/situation.go:86.56,88.3 1 1
github.com/go-park-mail-ru/2024_2_TeamOn_Patreon/internal/auth/config/situation.go:90.2,90.49 1 0
github.com/go-park-mail-ru/2024_2_TeamOn_Patreon/internal/auth/config/situation.go:93.34,95.56 2 1
github.com/go-park-mail-ru/2024_2_TeamOn_Patreon/internal/auth/config/situation.go:95.56,97.3 1 1
github.com/go-park-mail-ru/2024_2_TeamOn_Patreon/internal/auth/config/situation.go:99.2,99.34 1 0
github.com/go-park-mail-ru/2024_2_TeamOn_Patreon/internal/auth/repository/models/user.go:19.47,25.2 1 1
github.com/go-park-mail-ru/2024_2_TeamOn_Patreon/internal/auth/repository/repositories/imaginary_repository.go:19.33,24.2 1 1
github.com/go-park-mail-ru/2024_2_TeamOn_Patreon/internal/auth/repository/repositories/imaginary_repository.go:27.111,44.2 6 1
github.com/go-park-mail-ru/2024_2_TeamOn_Patreon/internal/auth/repository/repositories/imaginary_repository.go:47.73,49.31 2 1
github.com/go-park-mail-ru/2024_2_TeamOn_Patreon/internal/auth/repository/repositories/imaginary_repository.go:49.31,51.32 1 1
github.com/go-park-mail-ru/2024_2_TeamOn_Patreon/internal/auth/repository/repositories/imaginary_repository.go:51.32,53.4 1 1
github.com/go-park-mail-ru/2024_2_TeamOn_Patreon/internal/auth/repository/repositories/imaginary_repository.go:55.2,56.19 2 1
github.com/go-park-mail-ru/2024_2_TeamOn_Patreon/internal/auth/repository/repositories/imaginary_repository.go:60.78,65.19 4 0
github.com/go-park-mail-ru/2024_2_TeamOn_Patreon/internal/auth/repository/repositories/imaginary_repository.go:65.19,67.3 1 0
github.com/go-park-mail-ru/2024_2_TeamOn_Patreon/internal/auth/repository/repositories/imaginary_repository.go:69.2,70.20 2 0
github.com/go-park-mail-ru/2024_2_TeamOn_Patreon/internal/auth/repository/repositories/imaginary_repository.go:74.79,79.19 4 1
github.com/go-park-mail-ru/2024_2_TeamOn_Patreon/internal/auth/repository/repositories/imaginary_repository.go:79.19,81.3 1 0
github.com/go-park-mail-ru/2024_2_TeamOn_Patreon/internal/auth/repository/repositories/imaginary_repository.go:82.2,82.33 1 1
github.com/go-park-mail-ru/2024_2_TeamOn_Patreon/internal/auth/repository/repositories/imaginary_repository.go:85.60,88.2 2 1
github.com/go-park-mail-ru/2024_2_TeamOn_Patreon/internal/auth/repository/repositories/imaginary_repository.go:91.89,95.31 3 1
github.com/go-park-mail-ru/2024_2_TeamOn_Patreon/internal/auth/repository/repositories/imaginary_repository.go:95.31,97.32 1 1
github.com/go-park-mail-ru/2024_2_TeamOn_Patreon/internal/auth/repository/repositories/imaginary_repository.go:97.32,99.9 2 1
github.com/go-park-mail-ru/2024_2_TeamOn_Patreon/internal/auth/repository/repositories/imaginary_repository.go:102.2,104.19 2 1
github.com/go-park-mail-ru/2024_2_TeamOn_Patreon/internal/auth/repository/repositories/imaginary_repository.go:104.19,106.3 1 0
github.com/go-park-mail-ru/2024_2_TeamOn_Patreon/internal/auth/repository/repositories/imaginary_repository.go:108.2,109.20 2 1
github.com/go-park-mail-ru/2024_2_TeamOn_Patreon/internal/common/business/models/role.go:15.37,16.14 1 0
github.com/go-park-mail-ru/2024_2_TeamOn_Patreon/internal/common/business/models/role.go:17.14,18.18 1 0
github.com/go-park-mail-ru/2024_2_TeamOn_Patreon/internal/common/business/models/role.go:19.14,20.18 1 0
github.com/go-park-mail-ru/2024_2_TeamOn_Patreon/internal/common/business/models/role.go:21.10,22.19 1 0
github.com/go-park-mail-ru/2024_2_TeamOn_Patreon/internal/common/logger/logger.go:10.12,21.2 4 0
github.com/go-park-mail-ru/2024_2_TeamOn_Patreon/internal/common/logger/logger.go:23.42,25.2 1 1
github.com/go-park-mail-ru/2024_2_TeamOn_Patreon/internal/common/logger/logger.go:27.56,29.2 1 1
github.com/go-park-mail-ru/2024_2_TeamOn_Patreon/internal/common/logger/logger.go:31.42,33.2 1 1
github.com/go-park-mail-ru/2024_2_TeamOn_Patreon/internal/common/logger/logger.go:35.56,37.2 1 1
github.com/go-park-mail-ru/2024_2_TeamOn_Patreon/internal/common/logger/logger.go:39.43,41.2 1 0
github.com/go-park-mail-ru/2024_2_TeamOn_Patreon/internal/common/logger/logger.go:43.37,45.2 1 1
github.com/go-park-mail-ru/2024_2_TeamOn_Patreon/internal/common/logger/logger.go:47.43,49.2 1 1
github.com/go-park-mail-ru/2024_2_TeamOn_Patreon/internal/common/logger/logger.go:51.54,53.2 1 1
github.com/go-park-mail-ru/2024_2_TeamOn_Patreon/internal/common/logger/logger.go:55.50,57.2 1 1
github.com/go-park-mail-ru/2024_2_TeamOn_Patreon/internal/common/logger/logger.go:59.71,61.2 1 1
github.com/go-park-mail-ru/2024_2_TeamOn_Patreon/internal/common/logger/logger.go:63.40,65.2 1 1
github.com/go-park-mail-ru/2024_2_TeamOn_Patreon/internal/common/middlewares/handler_auth.go:15.50,16.71 1 0
github.com/go-park-mail-ru/2024_2_TeamOn_Patreon/internal/common/middlewares/handler_auth.go:16.71,21.39 3 0
github.com/go-park-mail-ru/2024_2_TeamOn_Patreon/internal/common/middlewares/handler_auth.go:21.39,24.4 2 0
github.com/go-park-mail-ru/2024_2_TeamOn_Patreon/internal/common/middlewares/handler_auth.go:28.3,41.23 5 0
github.com/go-park-mail-ru/2024_2_TeamOn_Patreon/internal/common/middlewares/logging.go:26.49,28.71 2 1
github.com/go-park-mail-ru/2024_2_TeamOn_Patreon/internal/common/middlewares/logging.go:28.71,30.19 2 1
github.com/go-park-mail-ru/2024_2_TeamOn_Patreon/internal/common/middlewares/logging.go:30.19,32.4 1 1
github.com/go-park-mail-ru/2024_2_TeamOn_Patreon/internal/common/middlewares/logging.go:33.3,37.26 2 1
github.com/go-park-mail-ru/2024_2_TeamOn_Patreon/tests/auth/server/setup_server.go:22.36,35.2 6 1
github.com/go-park-mail-ru/2024_2_TeamOn_Patreon/tests/auth/server/setup_server.go:38.34,40.2 1 1
github.com/go-park-mail-ru/2024_2_TeamOn_Patreon/tests/auth/server/setup_server.go:43.103,46.17 3 1
github.com/go-park-mail-ru/2024_2_TeamOn_Patreon/tests/auth/server/setup_server.go:46.17,49.3 2 1
github.com/go-park-mail-ru/2024_2_TeamOn_Patreon/tests/auth/server/setup_server.go:51.2,54.17 3 1
github.com/go-park-mail-ru/2024_2_TeamOn_Patreon/tests/auth/server/setup_server.go:54.17,56.3 1 1
github.com/go-park-mail-ru/2024_2_TeamOn_Patreon/tests/auth/server/setup_server.go:58.2,61.13 4 1
github.com/go-park-mail-ru/2024_2_TeamOn_Patreon/tests/auth/server/setup_server.go:65.69,66.33 1 1
github.com/go-park-mail-ru/2024_2_TeamOn_Patreon/tests/auth/server/setup_server.go:66.33,68.3 1 1
